This is e-pTeX, Version 3.141592653-p4.0.0-220214-2.6 (utf8.sjis) (TeX Live 2022) (preloaded format=platex 2023.1.24)  22 DEC 2023 14:33
entering extended mode
 restricted \write18 enabled.
 %&-line parsing enabled.
**d:/MyPrograms/趣味/tex/select5
(d:/MyPrograms/趣味/tex/select5.tex
pLaTeX2e <2021-11-15>+1 (based on LaTeX2e <2022-11-01> patch level 1)
L3 programming layer <2023-01-16> (c:/texlive/2022/texmf-dist/tex/platex/base/jarticle.cls
Document Class: jarticle 2020/09/30 v1.8f Standard pLaTeX class
\c@@paper=\count184
(c:/texlive/2022/texmf-dist/tex/platex/base/jsize10.clo
File: jsize10.clo 2020/09/30 v1.8f Standard pLaTeX file (size option)
)
\c@part=\count185
\c@section=\count186
\c@subsection=\count187
\c@subsubsection=\count188
\c@paragraph=\count189
\c@subparagraph=\count190
\c@figure=\count191
\c@table=\count192
\abovecaptionskip=\skip48
\belowcaptionskip=\skip49
\symmincho=\mathgroup4
LaTeX Font Info:    Overwriting symbol font `mincho' in version `bold'
(Font)                  JY1/mc/m/n --> JY1/gt/m/n on input line 615.
\toclineskip=\dimen156
\@lnumwidth=\dimen157
\bibindent=\dimen158
\heisei=\count193
) (c:/texlive/2022/texmf-dist/tex/latex/l3backend/l3backend-dvips.def
File: l3backend-dvips.def 2023-01-16 L3 backend support: dvips
\l__pdf_internal_box=\box68
\g__pdf_backend_object_int=\count194
\l__pdf_backend_content_box=\box69
\l__pdf_backend_model_box=\box70
\g__pdf_backend_annotation_int=\count195
\g__pdf_backend_link_int=\count196
\g__pdf_backend_link_sf_int=\count197
) (./select5.aux)
\openout1 = `select5.aux'.

LaTeX Font Info:    Checking defaults for OML/cmm/m/it on input line 2.
LaTeX Font Info:    ... okay on input line 2.
LaTeX Font Info:    Checking defaults for OMS/cmsy/m/n on input line 2.
LaTeX Font Info:    ... okay on input line 2.
LaTeX Font Info:    Checking defaults for OT1/cmr/m/n on input line 2.
LaTeX Font Info:    ... okay on input line 2.
LaTeX Font Info:    Checking defaults for T1/cmr/m/n on input line 2.
LaTeX Font Info:    ... okay on input line 2.
LaTeX Font Info:    Checking defaults for TS1/cmr/m/n on input line 2.
LaTeX Font Info:    ... okay on input line 2.
LaTeX Font Info:    Checking defaults for OMX/cmex/m/n on input line 2.
LaTeX Font Info:    ... okay on input line 2.
LaTeX Font Info:    Checking defaults for U/cmr/m/n on input line 2.
LaTeX Font Info:    ... okay on input line 2.
LaTeX Font Info:    Checking defaults for JY1/mc/m/n on input line 2.
LaTeX Font Info:    ... okay on input line 2.
LaTeX Font Info:    Checking defaults for JT1/mc/m/n on input line 2.
LaTeX Font Info:    ... okay on input line 2.
LaTeX Font Info:    Font shape `JT1/mc/bx/n' in size <14.4> not available
(Font)              Font shape `JT1/gt/m/n' tried instead on input line 3.
LaTeX Font Info:    Font shape `JY1/mc/bx/n' in size <14.4> not available
(Font)              Font shape `JY1/gt/m/n' tried instead on input line 3.
LaTeX Font Info:    Font shape `JT1/mc/bx/n' in size <12> not available
(Font)              Font shape `JT1/gt/m/n' tried instead on input line 27.
LaTeX Font Info:    Font shape `JY1/mc/bx/n' in size <12> not available
(Font)              Font shape `JY1/gt/m/n' tried instead on input line 27.
 [1

] [2] [3] [4] (./select5.aux) ) 
Here is how much of TeX's memory you used:
 500 strings out of 476550
 9159 string characters out of 5806803
 1855334 words of memory out of 5000000
 21187 multiletter control sequences out of 15000+600000
 518294 words of font info for 57 fonts, out of 8000000 for 9000
 929 hyphenation exceptions out of 8191
 33i,6n,38p,235b,172s stack positions out of 10000i,1000n,20000p,200000b,200000s

Output written on select5.dvi (4 pages, 9924 bytes).
