INFO:  latexindent.exe version 3.20.1, 2023-01-07, a script to indent .tex files
       latexindent.exe lives here: C:/texlive/2022/bin/win32/
       Sun Sep 24 16:55:44 2023
       Filename: d:/MyPrograms/tex/4wd/__latexindent_temp_outline.tex
INFO:  Processing switches:
       -y|--yaml: YAML settings specified via command line
       -c|--cruft: cruft directory
INFO:  Directory for backup files and d:/MyPrograms/tex/4wd//indent.log:
       d:/MyPrograms/tex/4wd/
INFO:  YAML settings read: defaultSettings.yaml
       Reading defaultSettings.yaml from C:/texlive/2022/bin/win32/defaultSettings.yaml
       Reading defaultSettings.yaml (2nd attempt) from C:/texlive/2022/bin/win32/../../texmf-dist/scripts/latexindent/defaultSettings.yaml
       and then, if necessary, C:/texlive/2022/bin/win32/LatexIndent/defaultSettings.yaml
INFO:  YAML reading settings
       Home directory is C:\Users\mitsu
       latexindent.pl didn't find indentconfig.yaml or .indentconfig.yaml
       see all possible locations: https://latexindentpl.readthedocs.io/en/latest/sec-appendices.html#indentconfig-options)
INFO:  YAML settings read: -y switch
       YAML setting: defaultIndent:'  '
       single-quoted string found in -y switch: '  ', substitute to   
       Updating mainSettings with defaultIndent:   
FATAL I couldn't find d:/MyPrograms/tex/4wd/__latexindent_temp_outline.tex, are you sure it exists?
      Exiting, no indentation done.
       --------------
INFO:  Please direct all communication/issues to:
        https://github.com/cmhughes/latexindent.pl
