\BOOKMARK [1][-]{section.1}{\376\377\000現\000代\000・\000近\000未\000来\000の\000ヒ\000ュ\000ー\000マ\000ン\000イ\000ン\000タ\000フ\000ェ\000ー\000ス\000に\000つ\000い\000て\000各\000自\000で\000調\000べ\000、\000A\0004\000用\000紙\0001\000枚\000以\000内\000に\000ま\000と\000め\000な\000さ\000い\000。}{}% 1
\BOOKMARK [1][-]{section.2}{\376\377\000感\000覚\000の\000種\000類\000と\000構\000造\000に\000つ\000い\000て\000、\000文\000章\000中\000の\000\050\0001\000\051\000～\000\050\0001\0005\000\051\000に\000適\000当\000な\000単\000語\000を\000い\000れ\000よ\000。\000提\000出\000用\000書\000類\000に\000は\000番\000号\000と\000答\000え\000の\000み\000記\000載\000す\000る\000こ\000と\000。}{}% 2
\BOOKMARK [1][-]{section.3}{\376\377\000つ\000ぎ\000の\000問\000い\000に\000答\000え\000よ\000。\000提\000出\000用\000書\000類\000に\000は\000番\000号\000と\000答\000え\000の\000み\000記\000載\000す\000る\000こ\000と\000。}{}% 3
\BOOKMARK [2][-]{subsection.3.1}{\376\377\000明\000る\000さ\000の\000恒\000常\000性\000の\000実\000験\000A\000\050\000左\000下\000図\000\051\000で\000、\000観\000察\000者\000が\000選\000ぶ\000比\000較\000刺\000激\000は\000、\000標\000準\000刺\000激\000に\000比\000べ\000て\000濃\000い\000・\000同\000等\000・\000薄\000い\000の\000う\000ち\000ど\000れ\000か\000?\000ま\000た\000そ\000の\000理\000由\000も\000述\000べ\000よ\000。}{section.3}% 4
\BOOKMARK [2][-]{subsection.3.2}{\376\377\000明\000る\000さ\000の\000恒\000常\000性\000の\000実\000験\000B\000\050\000右\000下\000図\000\051\000で\000、\000観\000察\000者\000が\000選\000ぶ\000比\000較\000刺\000激\000は\000、\000標\000準\000刺\000激\000に\000比\000べ\000て\000濃\000い\000・\000同\000等\000・\000薄\000い\000の\000う\000ち\000ど\000れ\000か\000?\000ま\000た\000そ\000の\000理\000由\000も\000述\000べ\000よ\000。}{section.3}% 5
\BOOKMARK [1][-]{section.4}{\376\377\000学\000習\000に\000つ\000い\000て\000、\000文\000章\000中\000の\000\050\0001\000\051\000～\000\050\0001\0006\000\051\000に\000適\000当\000な\000単\000語\000を\000い\000れ\000よ\000。\000提\000出\000用\000書\000類\000に\000は\000番\000号\000と\000答\000え\000の\000み\000記\000載\000す\000る\000こ\000と\000。}{}% 6
\BOOKMARK [1][-]{section.5}{\376\377\000文\000章\000中\000の\000\050\0001\000\051\000～\000\050\0001\0000\000\051\000に\000適\000当\000な\000単\000語\000を\000い\000れ\000よ\000。\000同\000じ\000番\000号\000に\000は\000同\000じ\000単\000語\000が\000入\000る\000。\000提\000出\000用\000書\000類\000に\000は\000番\000号\000と\000答\000え\000の\000み\000記\000載\000す\000る\000こ\000と\000。}{}% 7
\BOOKMARK [1][-]{section.6}{\376\377\000文\000章\000中\000の\000\050\0001\000\051\000～\000\050\0001\0009\000\051\000に\000適\000当\000な\000単\000語\000を\000い\000れ\000よ\000。\000同\000じ\000番\000号\000に\000は\000同\000じ\000単\000語\000が\000入\000る\000。\000提\000出\000用\000書\000類\000に\000は\000番\000号\000と\000答\000え\000の\000み\000記\000載\000す\000る\000こ\000と\000。}{}% 8
\BOOKMARK [1][-]{section.7}{\376\377\000つ\000ぎ\000の\000問\000い\000に\000答\000え\000よ\000。\000提\000出\000用\000書\000類\000に\000は\000番\000号\000と\000答\000え\000の\000み\000記\000載\000す\000る\000こ\000と\000。}{}% 9
\BOOKMARK [2][-]{subsection.7.1}{\376\377\000脳\000波\000の\000ア\000ル\000フ\000ァ\000ベ\000ッ\000ト\000の\000略\000字\000は\000?}{section.7}% 10
\BOOKMARK [2][-]{subsection.7.2}{\376\377\000脳\000波\000計\000測\000の\000際\000、\000国\000際\000的\000に\000決\000め\000ら\000れ\000て\000い\000る\000電\000極\000の\000設\000置\000場\000所\000は\000何\000法\000と\000い\000う\000?}{section.7}% 11
\BOOKMARK [2][-]{subsection.7.3}{\376\377\000脳\000波\000計\000測\000に\000使\000わ\000れ\000る\000電\000極\000は\000探\000査\000電\000極\000と\000も\000う\000ひ\000と\000つ\000は\000?}{section.7}% 12
\BOOKMARK [2][-]{subsection.7.4}{\376\377\000問\000題\0003\000の\000ふ\000た\000つ\000の\000電\000極\000を\000組\000み\000合\000わ\000せ\000た\000計\000測\000法\000を\000な\000ん\000と\000い\000う\000?}{section.7}% 13
\BOOKMARK [2][-]{subsection.7.5}{\376\377\000レ\000ム\000睡\000眠\000の\000レ\000ム\000は\000な\000ん\000の\000略\000?\000英\000語\000で\000答\000え\000よ\000。}{section.7}% 14
\BOOKMARK [1][-]{section.8}{\376\377\000つ\000ぎ\000の\0005\000つ\000の\000問\000い\000に\000答\000え\000よ\000。\000提\000出\000用\000書\000類\000に\000は\000番\000号\000と\000答\000え\000の\000み\000記\000載\000す\000る\000こ\000と\000。}{}% 15
\BOOKMARK [2][-]{subsection.8.1}{\376\377\000特\000定\000の\000事\000象\000に\000時\000間\000的\000に\000関\000連\000し\000て\000出\000現\000す\000る\000脳\000の\000微\000小\000電\000位\000変\000化\000を\000何\000と\000言\000う\000?\000日\000本\000語\000と\000英\000語\000、\000さ\000ら\000に\000英\000略\000字\000を\000す\000べ\000て\000答\000え\000よ\000。}{section.8}% 16
\BOOKMARK [2][-]{subsection.8.2}{\376\377\000問\0001\000の\000電\000位\000変\000化\000は\000非\000常\000に\000小\000さ\000い\000た\000め\000、\000複\000数\000回\000の\000試\000行\000結\000果\000を\000計\000算\000処\000理\000し\000て\000見\000つ\000け\000る\000必\000要\000が\000あ\000る\000。\000そ\000の\000た\000め\000に\000用\000い\000ら\000れ\000る\000処\000理\000方\000法\000は\000何\000法\000と\000い\000う\000?}{section.8}% 17
\BOOKMARK [2][-]{subsection.8.3}{\376\377\000問\0001\000の\000成\000分\000の\000う\000ち\000、\000事\000象\000の\000物\000理\000特\000性\000が\000引\000き\000起\000こ\000す\000外\000因\000性\000の\000電\000位\000を\000何\000と\000言\000う\000?\000日\000本\000語\000と\000英\000語\000、\000さ\000ら\000に\000英\000略\000字\000を\000す\000べ\000て\000答\000え\000よ\000。}{section.8}% 18
\BOOKMARK [2][-]{subsection.8.4}{\376\377\000脳\000波\000の\000電\000位\000変\000化\000は\000上\000方\000向\000を\000負\000と\000し\000て\000示\000さ\000れ\000る\000こ\000と\000が\000多\000い\000。\000こ\000の\000と\000き\000上\000む\000き\000に\000現\000れ\000る\000波\000形\000を\000何\000と\000言\000う\000?}{section.8}% 19
\BOOKMARK [2][-]{subsection.8.5}{\376\377\000自\000発\000的\000な\000行\000為\000に\0008\0000\0000\000ミ\000リ\000秒\000程\000度\000先\000立\000つ\000、\000陰\000性\000の\000電\000位\000上\000昇\000を\000何\000と\000言\000う\000?\000日\000本\000語\000と\000英\000語\000、\000さ\000ら\000に\000英\000略\000字\000を\000す\000べ\000て\000答\000え\000よ\000。}{section.8}% 20
\BOOKMARK [1][-]{section.9}{\376\377\000つ\000ぎ\000の\0004\000つ\000の\000問\000い\000に\000答\000え\000よ\000。\000提\000出\000用\000書\000類\000に\000は\000番\000号\000と\000答\000え\000の\000み\000記\000載\000す\000る\000こ\000と\000。}{}% 21
\BOOKMARK [2][-]{subsection.9.1}{\376\377\000「\000ヒ\000ト\000の\000高\000度\000な\000精\000神\000活\000動\000の\000そ\000れ\000ぞ\000れ\000の\000機\000能\000系\000に\000は\000あ\000る\000程\000度\000の\000機\000能\000局\000在\000が\000あ\000る\000」\000と\000い\000う\000考\000え\000方\000を\000何\000と\000い\000う\000?}{section.9}% 22
\BOOKMARK [2][-]{subsection.9.2}{\376\377\000問\0001\000の\000説\000を\000後\000押\000し\000し\000た\000臨\000床\000例\000を\000ひ\000と\000つ\000答\000え\000な\000さ\000い\000。}{section.9}% 23
\BOOKMARK [2][-]{subsection.9.3}{\376\377\000ニ\000ュ\000ー\000ロ\000ン\000が\000活\000動\000す\000る\000と\000そ\000の\000局\000所\000の\000血\000流\000が\000活\000動\000に\000比\000例\000し\000て\000増\000加\000す\000る\000現\000象\000を\000何\000と\000い\000う\000?}{section.9}% 24
\BOOKMARK [2][-]{subsection.9.4}{\376\377\000強\000力\000な\000均\000一\000静\000磁\000場\000の\000中\000に\000高\000周\000波\000の\000電\000磁\000波\000を\000照\000射\000し\000た\000直\000後\000に\000一\000過\000性\000に\000生\000じ\000る\000磁\000化\000反\000応\000の\000差\000を\000、\000水\000素\000原\000子\000の\000挙\000動\000に\000着\000目\000し\000て\000調\000べ\000る\000方\000法\000を\000何\000と\000い\000う\000?\000日\000本\000語\000、\000英\000語\000、\000英\000略\000字\000す\000べ\000て\000答\000え\000よ\000。}{section.9}% 25
\BOOKMARK [1][-]{section.10}{\376\377\000つ\000ぎ\000の\0005\000つ\000の\000問\000い\000に\000答\000え\000よ\000。\000提\000出\000用\000書\000類\000に\000は\000番\000号\000と\000答\000え\000の\000み\000記\000載\000す\000る\000こ\000と\000。}{}% 26
\BOOKMARK [2][-]{subsection.10.1}{\376\377\000「\0001\000つ\000の\000実\000験\000条\000件\000を\0002\0000\000秒\000\040\0006\0000\000秒\000の\000時\000間\000単\000位\000で\000提\000示\000し\000た\000の\000ち\000、\000別\000の\000実\000験\000条\000件\000を\000同\000程\000度\000の\000時\000間\000提\000示\000し\000、\000こ\000れ\000を\000繰\000り\000返\000す\000」\000と\000い\000っ\000た\000f\000M\000R\000I\000研\000究\000で\000用\000い\000ら\000れ\000る\000実\000験\000デ\000ザ\000イ\000ン\000を\000何\000と\000い\000う\000?}{section.10}% 27
\BOOKMARK [2][-]{subsection.10.2}{\376\377\000問\0001\000と\000と\000も\000に\000f\000M\000R\000I\000研\000究\000で\000よ\000く\000用\000い\000ら\000れ\000る\000、\000「\000特\000定\000の\000事\000象\000に\000伴\000う\000一\000過\000性\000の\000信\000号\000変\000化\000を\000捉\000え\000、\000そ\000の\000事\000象\000に\000特\000異\000的\000に\000関\000連\000す\000る\000脳\000活\000動\000を\000明\000ら\000か\000に\000す\000る\000」\000実\000験\000デ\000ザ\000イ\000ン\000を\000何\000と\000い\000う\000?}{section.10}% 28
\BOOKMARK [2][-]{subsection.10.3}{\376\377\000問\0002\000の\000実\000験\000デ\000ザ\000イ\000ン\000は\000問\0001\000の\000実\000験\000デ\000ザ\000イ\000ン\000に\000比\000べ\000て\000信\000号\000検\000出\000力\000が\000弱\000い\000?\000そ\000れ\000と\000も\000強\000い\000?}{section.10}% 29
\BOOKMARK [2][-]{subsection.10.4}{\376\377\000脳\000の\000体\000部\000位\000局\000在\000を\000明\000ら\000か\000に\000し\000た\000脳\000外\000科\000医\000の\000名\000前\000は\000?}{section.10}% 30
\BOOKMARK [2][-]{subsection.10.5}{\376\377\000変\000動\000磁\000場\000に\000よ\000り\000脳\000内\000に\000誘\000導\000電\000流\000を\000起\000こ\000す\000こ\000と\000で\000、\000脳\000を\000非\000侵\000襲\000的\000に\000刺\000激\000す\000る\000装\000置\000を\000何\000と\000い\000う\000?\000日\000本\000語\000、\000英\000語\000、\000英\000略\000字\000す\000べ\000て\000答\000え\000よ\000。}{section.10}% 31
\BOOKMARK [1][-]{section.11}{\376\377\000つ\000ぎ\000の\0005\000つ\000の\000問\000い\000に\000答\000え\000よ\000。\000提\000出\000用\000書\000類\000に\000は\000番\000号\000と\000答\000え\000の\000み\000記\000載\000す\000る\000こ\000と\000。}{}% 32
\BOOKMARK [2][-]{subsection.11.1}{\376\377\000発\000汗\000に\000は\000大\000き\000く\000分\000け\000て\0002\000種\000類\000の\000機\000能\000が\000あ\000る\000。\000\050\0001\000-\0001\000\051\000環\000境\000温\000度\000が\000高\000い\000と\000き\000に\000起\000こ\000る\000発\000汗\000と\000\050\0001\000-\0002\000\051\000緊\000張\000な\000ど\000に\000よ\000っ\000て\000起\000こ\000る\000発\000汗\000を\000そ\000れ\000ぞ\000れ\000何\000と\000い\000う\000?}{section.11}% 33
\BOOKMARK [2][-]{subsection.11.2}{\376\377\000\050\0001\000-\0002\000\051\000の\000発\000汗\000を\000計\000測\000す\000る\000手\000法\000を\000何\000と\000い\000う\000?}{section.11}% 34
\BOOKMARK [2][-]{subsection.11.3}{\376\377\0002\000の\000手\000法\000で\000は\000コ\000ン\000ダ\000ク\000タ\000ン\000ス\000が\000用\000い\000ら\000れ\000る\000こ\000と\000が\000多\000い\000。\000こ\000の\000と\000き\000記\000録\000さ\000れ\000た\000値\000の\000\050\0003\000-\0001\000\051\000持\000続\000的\000な\000変\000化\000と\000\050\0003\000-\0002\000\051\000一\000過\000性\000の\000変\000化\000を\000そ\000れ\000ぞ\000れ\000何\000と\000い\000う\000?}{section.11}% 35
\BOOKMARK [2][-]{subsection.11.4}{\376\377\000温\000度\000調\000節\000に\000は\000\050\0004\000-\0001\000\051\000随\000意\000的\000な\000も\000の\000と\000\050\0004\000-\0002\000\051\000不\000随\000意\000的\000な\000も\000の\000が\000あ\000る\000。\000そ\000れ\000ぞ\000れ\000何\000と\000い\000う\000?}{section.11}% 36
\BOOKMARK [2][-]{subsection.11.5}{\376\377\0002\000の\000計\000測\000や\000皮\000膚\000温\000度\000の\000計\000測\000は\000自\000律\000神\000経\000系\000の\000う\000ち\000何\000の\000活\000動\000を\000反\000映\000し\000て\000い\000る\000?}{section.11}% 37
\BOOKMARK [1][-]{section.12}{\376\377\000つ\000ぎ\000の\0006\000つ\000の\000問\000い\000に\000答\000え\000よ\000。\000提\000出\000用\000書\000類\000に\000は\000番\000号\000と\000答\000え\000の\000み\000記\000載\000す\000る\000こ\000と\000。}{}% 38
\BOOKMARK [2][-]{subsection.12.1}{\376\377\000心\000臓\000全\000体\000が\000規\000則\000正\000し\000く\000一\000体\000と\000な\000っ\000て\000収\000縮\000す\000る\000よ\000う\000調\000節\000す\000る\000心\000筋\000線\000維\000を\000何\000と\000い\000う\000?}{section.12}% 39
\BOOKMARK [2][-]{subsection.12.2}{\376\377\000心\000臓\000の\000活\000動\000に\000起\000因\000す\000る\000電\000位\000変\000化\000を\000記\000録\000す\000る\000手\000法\000を\000何\000と\000い\000う\000?\000日\000本\000語\000、\000英\000語\000、\000英\000略\000字\000す\000べ\000て\000答\000え\000よ\000。}{section.12}% 40
\BOOKMARK [2][-]{subsection.12.3}{\376\377\0002\000の\000手\000法\000で\000得\000ら\000れ\000る\000波\000形\000の\000う\000ち\000、\000\050\0003\000-\0001\000\051\000最\000も\000顕\000著\000な\000波\000形\000を\000何\000と\000い\000う\000?\000ま\000た\000、\000\050\0003\000-\0002\000\051\000連\000続\000す\000る\000そ\000の\000波\000形\000の\000あ\000い\000だ\000の\000時\000間\000の\000こ\000と\000を\000何\000と\000い\000う\000?}{section.12}% 41
\BOOKMARK [2][-]{subsection.12.4}{\376\377\000心\000臓\000の\000拍\000動\000間\000隔\000に\000み\000ら\000れ\000る\000ゆ\000ら\000ぎ\000を\000何\000と\000い\000う\000?\000日\000本\000語\000、\000英\000語\000、\000英\000略\000字\000す\000べ\000て\000答\000え\000よ\000。}{section.12}% 42
\BOOKMARK [2][-]{subsection.12.5}{\376\377\0004\000の\000解\000析\000に\000よ\000る\000時\000間\000領\000域\000指\000標\000の\000う\000ち\000、\0003\000-\0002\000の\000逆\000数\000で\000表\000さ\000れ\000る\000値\000を\000何\000と\000い\000う\000?}{section.12}% 43
\BOOKMARK [2][-]{subsection.12.6}{\376\377\0004\000の\000解\000析\000に\000よ\000る\000周\000波\000数\000領\000域\000指\000標\000で\000は\000、\000低\000周\000波\000数\000成\000分\000と\000高\000周\000波\000数\000成\000分\000が\000よ\000く\000算\000出\000さ\000れ\000る\000。\000そ\000れ\000ら\000の\000う\000ち\000副\000交\000感\000神\000経\000の\000活\000動\000の\000み\000を\000反\000映\000す\000る\000の\000は\000ど\000ち\000ら\000?}{section.12}% 44
