\BOOKMARK [1][-]{section.1}{\376\377\000目\000的}{}% 1
\BOOKMARK [1][-]{section.2}{\376\377\000原\000理}{}% 2
\BOOKMARK [2][-]{subsection.2.1}{\376\377\000量\000子\000論\000理\000回\000路}{section.2}% 3
\BOOKMARK [2][-]{subsection.2.2}{\376\377\000グ\000ロ\000ー\000バ\000ー\000の\000ア\000ル\000ゴ\000リ\000ズ\000ム}{section.2}% 4
\BOOKMARK [1][-]{section.3}{\376\377\000論\000理\000パ\000ズ\000ル}{}% 5
\BOOKMARK [2][-]{subsection.3.1}{\376\377\0002\000人\000用}{section.3}% 6
\BOOKMARK [2][-]{subsection.3.2}{\376\377\0003\000人\000用}{section.3}% 7
\BOOKMARK [2][-]{subsection.3.3}{\376\377\0004\000人\000用}{section.3}% 8
\BOOKMARK [1][-]{section.4}{\376\377\000パ\000ズ\000ル\000の\000論\000理\000式}{}% 9
\BOOKMARK [2][-]{subsection.4.1}{\376\377\0002\000人\000用}{section.4}% 10
\BOOKMARK [2][-]{subsection.4.2}{\376\377\0003\000人\000用}{section.4}% 11
\BOOKMARK [2][-]{subsection.4.3}{\376\377\0004\000人\000用}{section.4}% 12
\BOOKMARK [1][-]{section.5}{\376\377\000量\000子\000回\000路}{}% 13
\BOOKMARK [2][-]{subsection.5.1}{\376\377\0002\000人\000用}{section.5}% 14
\BOOKMARK [2][-]{subsection.5.2}{\376\377\0003\000人\000用}{section.5}% 15
\BOOKMARK [2][-]{subsection.5.3}{\376\377\0004\000人\000用}{section.5}% 16
\BOOKMARK [1][-]{section.6}{\376\377\000実\000行\000結\000果}{}% 17
\BOOKMARK [2][-]{subsection.6.1}{\376\377\0002\000人\000用}{section.6}% 18
\BOOKMARK [2][-]{subsection.6.2}{\376\377\0003\000人\000用}{section.6}% 19
\BOOKMARK [2][-]{subsection.6.3}{\376\377\0004\000人\000用}{section.6}% 20
\BOOKMARK [1][-]{section.7}{\376\377\000考\000察}{}% 21
\BOOKMARK [1][-]{section.8}{\376\377\000感\000想}{}% 22
