This is LuaTeX, Version 1.10.0 (TeX Live 2019/W32TeX)  (format=lualatex 2019.10.3)  9 OCT 2019 17:11
 restricted system commands enabled.
**report1.tex
(./report1.tex
LaTeX2e <2018-12-01>
Lua module: luaotfload-main 2019-02-14 2.96 luaotfload entry point
Lua module: luaotfload-init 2019-02-14 2.96 luaotfload submodule / initializatio
n
Lua module: lualibs 2019-02-14 2.64 ConTeXt Lua standard libraries.
Lua module: lualibs-extended 2019-02-14 2.64 ConTeXt Lua libraries -- extended c
ollection.
Lua module: luaotfload-log 2019-02-14 2.96 luaotfload submodule / logging
Lua module: luaotfload-parsers 2019-02-14 2.96 luaotfload submodule / filelist
Lua module: luaotfload-configuration 2019-02-14 2.96 luaotfload submodule / conf
ig file reader
luaotfload | conf : Root cache directory is C:/texlive/2019/texmf-var/luatex-cac
he/generic/names.
luaotfload | init : Loading fontloader “fontloader-2019-02-14.lua” from kpse
-resolved path “c:/texlive/2019/texmf-dist/tex/luatex/luaotfload/fontloader-20
19-02-14.lua”.
Lua-only attribute luaotfload@state = 1
Lua-only attribute luaotfload@noligature = 2
Lua-only attribute luaotfload@syllabe = 3
luaotfload | init : Context OpenType loader version “3.107”
Inserting `luaotfload.node_processor' at position 1 in `pre_linebreak_filter'.
Inserting `luaotfload.node_processor' at position 1 in `hpack_filter'.
Lua module: luaotfload-loaders 2019-02-14 2.96 luaotfload submodule / callback h
andling
Inserting `luaotfload.define_font' at position 1 in `define_font'.
Lua module: luaotfload-database 2019-02-14 2.96 luaotfload submodule / database
Lua module: luaotfload-colors 2019-02-14 2.96 luaotfload submodule / color
Lua-only attribute luaotfload_color_attribute = 4
Lua module: luaotfload-resolvers 2019-02-14 2.96 luaotfload submodule / resolver
s
luaotfload | conf : Root cache directory is C:/texlive/2019/texmf-var/luatex-cac
he/generic/names.
Lua module: luaotfload-features 2019-02-14 2.96 luaotfload submodule / features
Lua module: luaotfload-letterspace 2019-02-14 2.96 luaotfload submodule / color
Lua module: luaotfload-auxiliary 2019-02-14 2.96 luaotfload submodule / auxiliar
y functions
Inserting `luaotfload.aux.set_sscale_dimens' at position 1 in `luaotfload.patch_
font'.
Inserting `luaotfload.aux.patch_cambria_domh' at position 2 in `luaotfload.patch
_font'.
Inserting `luaotfload.aux.fixup_fontdata' at position 1 in `luaotfload.patch_fon
t_unsafe'.
Inserting `luaotfload.aux.set_capheight' at position 3 in `luaotfload.patch_font
'.
Inserting `luaotfload.rewrite_fontname' at position 4 in `luaotfload.patch_font'
.
luaotfload | main : initialization completed in 0.150 seconds
(c:/texlive/2019/texmf-dist/tex/luatex/luatexja/ltjsarticle.cls
Document Class: ltjsarticle 2019/04/06 ltjsclasses 
(c:/texlive/2019/texmf-dist/tex/luatex/luatexja/luatexja.sty
Package: luatexja 2019/04/08 Japanese Typesetting with Lua(La)TeX

(c:/texlive/2019/texmf-dist/tex/luatex/luatexja/luatexja-core.sty
Package: luatexja-core 2017/11/12 Core of LuaTeX-ja

(c:/texlive/2019/texmf-dist/tex/luatex/luatexbase/luatexbase.sty
Package: luatexbase 2015/10/04 v1.3 luatexbase interface to LuaTeX 

(c:/texlive/2019/texmf-dist/tex/luatex/ctablestack/ctablestack.sty
Package: ctablestack 2015/10/01 v1.0 Catcode table stable support
\@catcodetablestackcnt=\count80
)
\CatcodeTableOther=\catcodetable5
\CatcodeTableExpl=\catcodetable6
)
(c:/texlive/2019/texmf-dist/tex/generic/oberdiek/ltxcmds.sty
Package: ltxcmds 2016/05/16 v1.23 LaTeX kernel commands for general use (HO)
)
(c:/texlive/2019/texmf-dist/tex/generic/oberdiek/pdftexcmds.sty
Package: pdftexcmds 2018/09/10 v0.29 Utility functions of pdfTeX for LuaTeX (HO)


(c:/texlive/2019/texmf-dist/tex/generic/oberdiek/infwarerr.sty
Package: infwarerr 2016/05/16 v1.4 Providing info/warning/error messages (HO)
)
(c:/texlive/2019/texmf-dist/tex/generic/oberdiek/ifluatex.sty
Package: ifluatex 2016/05/16 v1.4 Provides the ifluatex switch (HO)
Package ifluatex Info: LuaTeX detected.
)
(c:/texlive/2019/texmf-dist/tex/generic/oberdiek/ifpdf.sty
Package: ifpdf 2018/09/07 v3.3 Provides the ifpdf switch
)
Package pdftexcmds Info: \pdf@primitive is available.
Package pdftexcmds Info: \pdf@ifprimitive is available.
Package pdftexcmds Info: \pdfdraftmode found.
\pdftexcmds@toks=\toks14
)
(c:/texlive/2019/texmf-dist/tex/latex/xkeyval/xkeyval.sty
Package: xkeyval 2014/12/03 v2.7a package option processing (HA)

(c:/texlive/2019/texmf-dist/tex/generic/xkeyval/xkeyval.tex
(c:/texlive/2019/texmf-dist/tex/generic/xkeyval/xkvutils.tex
\XKV@toks=\toks15
\XKV@tempa@toks=\toks16

(c:/texlive/2019/texmf-dist/tex/generic/xkeyval/keyval.tex))
\XKV@depth=\count81
File: xkeyval.tex 2014/12/03 v2.7a key=value parser (HA)
))
(c:/texlive/2019/texmf-dist/tex/generic/oberdiek/atbegshi.sty
Package: atbegshi 2016/06/09 v1.18 At begin shipout hook (HO)
)
(c:/texlive/2019/texmf-dist/tex/latex/etoolbox/etoolbox.sty
Package: etoolbox 2018/08/19 v2.5f e-TeX tools for LaTeX (JAW)
\etb@tempcnta=\count82
)
\AtBeginShipoutBox=\box27

(c:/texlive/2019/texmf-dist/tex/latex/everyhook/everyhook.sty
(c:/texlive/2019/texmf-dist/tex/latex/svn-prov/svn-prov.sty
Package: svn-prov 2010/04/24 v3.1862 Package Date/Version from SVN Keywords
)
Package: everyhook 2014/11/26 v1.2 (SVN Rev: 12)\ Hooks for low level TeX everyX
 primitives.
\everypar=\toks17
\frozen@everymath=\toks18
\frozen@everydisplay=\toks19
\everyhbox=\toks20
\everyvbox=\toks21
\everycr=\toks22
)
\ltjlineendcomment=\count83
\ltj@zw=\dimen102
\ltj@zh=\dimen103
\jQ=\dimen104
\ltj@icflag=\attribute5
\ltj@curjfnt=\attribute6
\ltj@curtfnt=\attribute7
\ltj@origchar=\attribute8
\ltj@charclass=\attribute9
\ltj@charcode=\attribute10
\ltj@autospc=\attribute11
\ltj@autoxspc=\attribute12
\ltj@yablshift=\attribute13
\ltj@ykblshift=\attribute14
\ltj@tablshift=\attribute15
\ltj@tkblshift=\attribute16
\jfam=\attribute17
\ltj@dir=\attribute18
\ltj@@japanese=\language2
\ltj@tempcnta=\count84
\ltj@kcat0=\attribute19
\ltj@kcat1=\attribute20
\ltj@kcat2=\attribute21
\ltj@kcat3=\attribute22
\ltj@kcat4=\attribute23
\ltj@kcat5=\attribute24
\ltj@kcat6=\attribute25
Custom whatsit inhibitglue = 1
Custom whatsit stack_marker = 2
Custom whatsit begin_par = 3
Custom whatsit direction = 4
Custom whatsit box_boundary = 5(load cache: C:/Users/kentaIZUMIDA/.texlive2019/t
exmf-var/luatexja/ltj-cid-auto-adobe-japan1.luc)
Lua module: luatexja.charrange 2019/04/01 Handling the range of Japanese charact
ers
Lua module: luatexja.stack 2018/02/18 LuaTeX-ja stack system
Inserting `ltj.create_dir_whatsit' at position 2 in `hpack_filter'.
Inserting `ltj.create_dir_whatsit' at position 1 in `post_linebreak_filter'.
Inserting `ltj.direction' at position 1 in `vpack_filter'.
Inserting `ltj.direction' at position 1 in `pre_output_filter'.
Inserting `ltj.lineskip' at position 2 in `post_linebreak_filter'.
Inserting `ltj.lineskip' at position 1 in `append_to_vlist_filter'.
Lua module: luatexja.jfont 2019/02/11 Loader for Japanese fonts
Removing  `luaotfload.define_font' from `define_font'.
Inserting `luatexja.font_callback' at position 1 in `define_font'.
Removing  `luaotfload.aux.set_sscale_dimens' from `luaotfload.patch_font'.
Removing  `luaotfload.aux.patch_cambria_domh' from `luaotfload.patch_font'.
Removing  `luaotfload.aux.set_capheight' from `luaotfload.patch_font'.
Removing  `luaotfload.rewrite_fontname' from `luaotfload.patch_font'.
Inserting `ltj.prepare_extra_data' at position 1 in `luaotfload.patch_font'.
Inserting `luaotfload.aux.set_sscale_dimens' at position 2 in `luaotfload.patch_
font'.
Inserting `luaotfload.aux.patch_cambria_domh' at position 3 in `luaotfload.patch
_font'.
Inserting `luaotfload.aux.set_capheight' at position 4 in `luaotfload.patch_font
'.
Inserting `luaotfload.rewrite_fontname' at position 5 in `luaotfload.patch_font'
.
Inserting `ltj.prepare_extra_data' at position 1 in `luatexja.define_font'.
Inserting `ltj.v_advance' at position 1 in `luatexja.define_jfont'.
Removing  `ltj.v_advance' from `luatexja.define_jfont'.
Inserting `ltj.get_vert_form' at position 1 in `luatexja.define_jfont'.
Inserting `ltj.v_advance' at position 2 in `luatexja.define_jfont'.
Removing  `ltj.prepare_extra_data' from `luaotfload.patch_font'.
Removing  `luaotfload.aux.set_sscale_dimens' from `luaotfload.patch_font'.
Removing  `luaotfload.aux.patch_cambria_domh' from `luaotfload.patch_font'.
Removing  `luaotfload.aux.set_capheight' from `luaotfload.patch_font'.
Removing  `luaotfload.rewrite_fontname' from `luaotfload.patch_font'.
Inserting `ltj.supply_tounicode' at position 1 in `luaotfload.patch_font'.
Inserting `ltj.prepare_extra_data' at position 2 in `luaotfload.patch_font'.
Inserting `luaotfload.aux.set_sscale_dimens' at position 3 in `luaotfload.patch_
font'.
Inserting `luaotfload.aux.patch_cambria_domh' at position 4 in `luaotfload.patch
_font'.
Inserting `luaotfload.aux.set_capheight' at position 5 in `luaotfload.patch_font
'.
Inserting `luaotfload.rewrite_fontname' at position 6 in `luaotfload.patch_font'
.
Inserting `ltj.process_input_buffer' at position 1 in `process_input_buffer'.
Inserting `ltj.hyphenate' at position 1 in `hyphenate'.
Removing  `luaotfload.node_processor' from `hpack_filter'.
Removing  `ltj.create_dir_whatsit' from `hpack_filter'.
Inserting `ltj.set_stack_level' at position 1 in `hpack_filter'.
Inserting `luaotfload.node_processor' at position 2 in `hpack_filter'.
Inserting `ltj.create_dir_whatsit' at position 3 in `hpack_filter'.
Removing  `luaotfload.node_processor' from `pre_linebreak_filter'.
Inserting `ltj.set_stack_level' at position 1 in `pre_linebreak_filter'.
Inserting `luaotfload.node_processor' at position 2 in `pre_linebreak_filter'.
Lua module: luatexja.jfmglue 2018/08/11 Insertion process of JFM glues, [x]kanji
skip and others
Inserting `luatexja.beginpar.np_info' at position 1 in `luatexja.jfmglue.whatsit
_getinfo'.
Inserting `luatexja.beginpar.np_info_after' at position 1 in `luatexja.jfmglue.w
hatsit_after'.
Inserting `ltj.mlist_to_hlist' at position 1 in `mlist_to_hlist'.
Inserting `ltj.main' at position 3 in `pre_linebreak_filter'.
Removing  `ltj.create_dir_whatsit' from `hpack_filter'.
Inserting `ltj.main' at position 3 in `hpack_filter'.
Inserting `ltj.create_dir_whatsit' at position 4 in `hpack_filter'.
Removing  `ltj.set_stack_level' from `pre_linebreak_filter'.
Removing  `luaotfload.node_processor' from `pre_linebreak_filter'.
Removing  `ltj.main' from `pre_linebreak_filter'.
Inserting `ltj.adjust_icflag' at position 1 in `pre_linebreak_filter'.
Inserting `ltj.set_stack_level' at position 2 in `pre_linebreak_filter'.
Inserting `luaotfload.node_processor' at position 3 in `pre_linebreak_filter'.
Inserting `ltj.main' at position 4 in `pre_linebreak_filter'.
Removing  `ltj.set_stack_level' from `hpack_filter'.
Removing  `luaotfload.node_processor' from `hpack_filter'.
Removing  `ltj.main' from `hpack_filter'.
Removing  `ltj.create_dir_whatsit' from `hpack_filter'.
Inserting `ltj.adjust_icflag' at position 1 in `hpack_filter'.
Inserting `ltj.set_stack_level' at position 2 in `hpack_filter'.
Inserting `luaotfload.node_processor' at position 3 in `hpack_filter'.
Inserting `ltj.main' at position 4 in `hpack_filter'.
Inserting `ltj.create_dir_whatsit' at position 5 in `hpack_filter'. (c:/texlive
/2019/texmf-dist/tex/luatex/luatexja/ltj-base.sty
Package: ltj-base 2017/05/05
\ltj@tempcntb=\count85
\ltj@tempcntc=\count86
\ltj@tempdima=\dimen105
\ltj@afbox=\box28
)
\ltj@@italic@inner=\luafunction1
\ltj@@jfont@inner=\luafunction2
\ltj@zw@inner=\luafunction3
\ltj@zh@inner=\luafunction4
\ltj@reset@globaldefs@inner=\luafunction5
\ltj@restore@globaldefs@inner=\luafunction6
\ltj@@ihb@inner=\luafunction7
\ltj@@fakeparbegin@inner=\luafunction8
\ltj@@fakeboxbdd@inner=\luafunction9
\ltj@@stack=\count87
\ltj@@group@level=\count88
\ltjsetkanjiskip@inner=\luafunction10
\ltjsetxkanjiskip@inner=\luafunction11
\ltj@@box@dirhook=\luafunction12
\ltj@@reset@badness@inner=\luafunction13

(c:/texlive/2019/texmf-dist/tex/luatex/luatexja/ltj-latex.sty
Package: ltj-latex 2018/08/24 LaTeX support of LuaTeX-ja

(c:/texlive/2019/texmf-dist/tex/luatex/luatexja/patches/lltjfont.sty
Package: lltjfont 2019/01/29 Patch to NFSS2 for LuaTeX-ja

(c:/texlive/2019/texmf-dist/tex/latex/base/tuenc.def
File: tuenc.def 2018/08/11 v2.0j Standard LaTeX file
LaTeX Font Info:    Redeclaring font encoding TU on input line 82.
)
\Cht=\dimen106
\cht=\dimen107
\Cdp=\dimen108
\cdp=\dimen109
\Cwd=\dimen110
\cwd=\dimen111
\Cvs=\dimen112
\cvs=\dimen113
\Chs=\dimen114
\chs=\dimen115
\cHT=\dimen116
\dstrutbox=\box29
\tstrutbox=\box30
\zstrutbox=\box31

(c:/texlive/2019/texmf-dist/tex/latex/ms/everysel.sty
Package: everysel 2011/10/28 v1.2 EverySelectfont Package (MS)
)
ABD: EverySelectfont initializing macros
LaTeX Info: Redefining \selectfont on input line 322.
\ltj@@adjust@baseline@inner=\luafunction14
LaTeX Info: Redefining \fontencoding on input line 498.
LaTeX Info: Redefining \fontfamily on input line 543.
LaTeX Info: Redefining \fontseries on input line 577.
LaTeX Info: Redefining \fontshape on input line 580.
LaTeX Info: Redefining \normalfont on input line 592.
)
(c:/texlive/2019/texmf-dist/tex/luatex/luatexja/patches/lltjdefs.sty
Package: lltjdefs 2019/02/11 Default font settings of LuaTeX-ja
luaotfload | db : Font names database loaded from C:/texlive/2019/texmf-var/luat
ex-cache/generic/names/luaotfload-names.luc
LaTeX Font Info:    Font shape `JT3/mc/m/n' will be
(Font)              scaled to size 9.24713pt on input line 61.

(c:/texlive/2019/texmf-dist/tex/luatex/luatexja/jfm-ujisv.lua)
LaTeX Font Info:    Font shape `JY3/mc/m/n' will be
(Font)              scaled to size 9.24713pt on input line 61.
luaotfload | cache : Lookup cache loaded from C:/texlive/2019/texmf-var/luatex-c
ache/generic/names/luaotfload-lookup-cache.luc.(load cache: C:/Users/kentaIZUMID
A/.texlive2019/texmf-var/luatexja/extra_ipaexmincho.luc)
(c:/texlive/2019/texmf-dist/tex/luatex/luatexja/jfm-ujis.lua)
\symmincho=\mathgroup4
LaTeX Font Info:    Overwriting symbol font `mincho' in version `bold'
(Font)                  JY3/mc/m/n --> JY3/gt/m/n on input line 71.
LaTeX Info: Redefining \rmfamily on input line 79.
LaTeX Info: Redefining \sffamily on input line 83.
LaTeX Info: Redefining \ttfamily on input line 87.
LaTeX Info: Redefining \em on input line 92.
)
(c:/texlive/2019/texmf-dist/tex/luatex/luatexja/patches/lltjcore.sty
Package: lltjcore 2018/06/15 Patch to LaTeX2e Kernel for LuaTeX-ja
\@tombowwidth=\dimen117
\@TL=\box32
\@Tl=\box33
\@TC=\box34
\@TR=\box35
\@Tr=\box36
\@BL=\box37
\@Bl=\box38
\@BC=\box39
\@BR=\box40
\@Br=\box41
\@CL=\box42
\@CR=\box43
\@bannertoken=\toks23
\@@paperheight=\dimen118
\@@paperwidth=\dimen119
\@@topmargin=\dimen120
)
(c:/texlive/2019/texmf-dist/tex/latex/filehook/filehook.sty
Package: filehook 2011/10/12 v0.5d Hooks for input files
)
(c:/texlive/2019/texmf-dist/tex/luatex/luatexja/patches/lltjp-geometry.sty
Package: lltjp-geometry 2018/01/19 Patch to geometry for LuaTeX-ja with vertical
 writing mode
))
\ltj@temp@cctb=\catcodetable7
)
(c:/texlive/2019/texmf-dist/tex/luatex/luatexja/luatexja-compat.sty
Package: luatexja-compat 2018/03/29 Compatibility with pTeX
(load cache: C:/Users/kentaIZUMIDA/.texlive2019/texmf-var/luatexja/ltj-jisx0208.
luc)
\hour=\count89
\minute=\count90
))
\jsc@mpt=\dimen121
\jsc@mmm=\dimen122
\jsc@smallskipamount=\skip41
LaTeX Font Info:    Font shape `JY3/mc/m/n' will be
(Font)              scaled to size 9.24713pt on input line 413.
\fullwidth=\dimen123
LaTeX Font Info:    Font shape `JT3/mc/m/n' will be
(Font)              scaled to size 7.3977pt on input line 554.
LaTeX Font Info:    Font shape `JY3/mc/m/n' will be
(Font)              scaled to size 7.3977pt on input line 554.
\c@part=\count91
\c@section=\count92
\c@subsection=\count93
\c@subsubsection=\count94
\c@paragraph=\count95
\c@subparagraph=\count96
\@abstractbox=\box44
\c@figure=\count97
\c@table=\count98
\abovecaptionskip=\skip42
\belowcaptionskip=\skip43
LaTeX Info: Redefining \mc on input line 1207.
LaTeX Info: Redefining \gt on input line 1208.
\jsc@tocl@width=\dimen124
\@lnumwidth=\dimen125
\bibindent=\dimen126

(c:/texlive/2019/texmf-dist/tex/platex/jsclasses/jslogo.sty
Package: jslogo 2017/02/24 okumura, texjporg
LaTeX Info: Redefining \TeX on input line 94.
LaTeX Info: Redefining \LaTeX on input line 147.
LaTeX Info: Redefining \LaTeXe on input line 200.
)
\heisei=\count99

(c:/texlive/2019/texmf-dist/tex/latex/sttools/stfloats.sty
Package: stfloats 2017/03/27 v3.3 Improve float mechanism and baselineskip setti
ngs
\@dblbotnum=\count100
\c@dblbotnumber=\count101
)
(c:/texlive/2019/texmf-dist/tex/luatex/luatexja/patches/lltjp-stfloats.sty))
(c:/texlive/2019/texmf-dist/tex/latex/geometry/geometry.sty
Package: geometry 2018/04/16 v5.8 Page Geometry

(c:/texlive/2019/texmf-dist/tex/generic/oberdiek/ifvtex.sty
Package: ifvtex 2016/05/16 v1.6 Detect VTeX and its facilities (HO)
Package ifvtex Info: VTeX not detected.
)
(c:/texlive/2019/texmf-dist/tex/generic/ifxetex/ifxetex.sty
Package: ifxetex 2010/09/12 v0.6 Provides ifxetex conditional
)
\Gm@cnth=\count102
\Gm@cntv=\count103
\c@Gm@tempcnt=\count104
\Gm@bindingoffset=\dimen127
\Gm@wd@mp=\dimen128
\Gm@odd@mp=\dimen129
\Gm@even@mp=\dimen130
\Gm@layoutwidth=\dimen131
\Gm@layoutheight=\dimen132
\Gm@layouthoffset=\dimen133
\Gm@layoutvoffset=\dimen134
\Gm@dimlist=\toks24
)
(c:/texlive/2019/texmf-dist/tex/latex/amsmath/amsmath.sty
Package: amsmath 2018/12/01 v2.17b AMS math features
\@mathmargin=\skip44

For additional information on amsmath, use the `?' option.
(c:/texlive/2019/texmf-dist/tex/latex/amsmath/amstext.sty
Package: amstext 2000/06/29 v2.01 AMS text

(c:/texlive/2019/texmf-dist/tex/latex/amsmath/amsgen.sty
File: amsgen.sty 1999/11/30 v2.0 generic functions
\@emptytoks=\toks25
\ex@=\dimen135
))
(c:/texlive/2019/texmf-dist/tex/latex/amsmath/amsbsy.sty
Package: amsbsy 1999/11/29 v1.2d Bold Symbols
\pmbraise@=\dimen136
)
(c:/texlive/2019/texmf-dist/tex/latex/amsmath/amsopn.sty
Package: amsopn 2016/03/08 v2.02 operator names
)
\inf@bad=\count105
LaTeX Info: Redefining \frac on input line 223.
\uproot@=\count106
\leftroot@=\count107
LaTeX Info: Redefining \overline on input line 385.
\classnum@=\count108
\DOTSCASE@=\count109
LaTeX Info: Redefining \ldots on input line 482.
LaTeX Info: Redefining \dots on input line 485.
LaTeX Info: Redefining \cdots on input line 606.
\Mathstrutbox@=\box45
\strutbox@=\box46
\big@size=\dimen137
LaTeX Font Info:    Redeclaring font encoding OML on input line 729.
LaTeX Font Info:    Redeclaring font encoding OMS on input line 730.
\macc@depth=\count110
\c@MaxMatrixCols=\count111
\dotsspace@=\muskip10
\c@parentequation=\count112
\dspbrk@lvl=\count113
\tag@help=\toks26
\row@=\count114
\column@=\count115
\maxfields@=\count116
\andhelp@=\toks27
\eqnshift@=\dimen138
\alignsep@=\dimen139
\tagshift@=\dimen140
\tagwidth@=\dimen141
\totwidth@=\dimen142
\lineht@=\dimen143
\@envbody=\toks28
\multlinegap=\skip45
\multlinetaggap=\skip46
\mathdisplay@stack=\toks29
LaTeX Info: Redefining \[ on input line 2844.
LaTeX Info: Redefining \] on input line 2845.
)
(c:/texlive/2019/texmf-dist/tex/latex/amsfonts/amssymb.sty
Package: amssymb 2013/01/14 v3.01 AMS font symbols

(c:/texlive/2019/texmf-dist/tex/latex/amsfonts/amsfonts.sty
Package: amsfonts 2013/01/14 v3.01 Basic AMSFonts support
\symAMSa=\mathgroup5
\symAMSb=\mathgroup6
LaTeX Font Info:    Overwriting math alphabet `\mathfrak' in version `bold'
(Font)                  U/euf/m/n --> U/euf/b/n on input line 106.
))
(c:/texlive/2019/texmf-dist/tex/latex/mathtools/mathtools.sty
Package: mathtools 2018/01/08 v1.21 mathematical typesetting tools

(c:/texlive/2019/texmf-dist/tex/latex/tools/calc.sty
Package: calc 2017/05/25 v4.3 Infix arithmetic (KKT,FJ)
\calc@Acount=\count117
\calc@Bcount=\count118
\calc@Adimen=\dimen144
\calc@Bdimen=\dimen145
\calc@Askip=\skip47
\calc@Bskip=\skip48
LaTeX Info: Redefining \setlength on input line 80.
LaTeX Info: Redefining \addtolength on input line 81.
\calc@Ccount=\count119
\calc@Cskip=\skip49
)
(c:/texlive/2019/texmf-dist/tex/latex/mathtools/mhsetup.sty
Package: mhsetup 2017/03/31 v1.3 programming setup (MH)
)
LaTeX Info: Thecontrolsequence`\('isalreadyrobust on input line 129.
LaTeX Info: Thecontrolsequence`\)'isalreadyrobust on input line 129.
LaTeX Info: Thecontrolsequence`\['isalreadyrobust on input line 129.
LaTeX Info: Thecontrolsequence`\]'isalreadyrobust on input line 129.
\g_MT_multlinerow_int=\count120
\l_MT_multwidth_dim=\dimen146
\origjot=\skip50
\l_MT_shortvdotswithinadjustabove_dim=\dimen147
\l_MT_shortvdotswithinadjustbelow_dim=\dimen148
\l_MT_above_intertext_sep=\dimen149
\l_MT_below_intertext_sep=\dimen150
\l_MT_above_shortintertext_sep=\dimen151
\l_MT_below_shortintertext_sep=\dimen152
)
(c:/texlive/2019/texmf-dist/tex/latex/tools/bm.sty
Package: bm 2017/01/16 v1.2c Bold Symbol Support (DPC/FMi)
\symboldoperators=\mathgroup7
\symboldletters=\mathgroup8
\symboldsymbols=\mathgroup9
\symboldmincho=\mathgroup10
LaTeX Font Info:    Redeclaring math alphabet \mathbf on input line 141.
LaTeX Info: Redefining \bm on input line 207.
)
(c:/texlive/2019/texmf-dist/tex/latex/titlesec/titlesec.sty
Package: titlesec 2016/03/21 v2.10.2 Sectioning titles
\ttl@box=\box47
\beforetitleunit=\skip51
\aftertitleunit=\skip52
\ttl@plus=\dimen153
\ttl@minus=\dimen154
\ttl@toksa=\toks30
\titlewidth=\dimen155
\titlewidthlast=\dimen156
\titlewidthfirst=\dimen157
)
(c:/texlive/2019/texmf-dist/tex/latex/listings/listings.sty
\lst@mode=\count121
\lst@gtempboxa=\box48
\lst@token=\toks31
\lst@length=\count122
\lst@currlwidth=\dimen158
\lst@column=\count123
\lst@pos=\count124
\lst@lostspace=\dimen159
\lst@width=\dimen160
\lst@newlines=\count125
\lst@lineno=\count126
\lst@maxwidth=\dimen161

(c:/texlive/2019/texmf-dist/tex/latex/listings/lstmisc.sty
File: lstmisc.sty 2019/02/27 1.8b (Carsten Heinz)
\c@lstnumber=\count127
\lst@skipnumbers=\count128
\lst@framebox=\box49
)
(c:/texlive/2019/texmf-dist/tex/latex/listings/listings.cfg
File: listings.cfg 2019/02/27 1.8b listings configuration
))
Package: listings 2019/02/27 1.8b (Carsten Heinz)

(c:/texlive/2019/texmf-dist/tex/luatex/luatexja/patches/lltjp-listings.sty
(c:/texlive/2019/texmf-dist/tex/luatex/luatexbase/luatexbase-cctb.sty
Package: luatexbase-cctb 2015/10/04 v1.3 luatexbase interface to LuaTeX (legacy 
subpackage) 
)
\CatcodeTableLTJlistings=\catcodetable8
\ltj@lst@frame@lslimit=\dimen162

(c:/texlive/2019/texmf-dist/tex/latex/listings/lstmisc.sty
File: lstmisc.sty 2019/02/27 1.8b (Carsten Heinz)
\lst@WFtoken=\toks32
\lst@WF=\write3
))
(c:/texlive/2019/texmf-dist/tex/latex/graphics/color.sty
Package: color 2016/07/10 v1.1e Standard LaTeX Color (DPC)

(c:/texlive/2019/texmf-dist/tex/latex/graphics-cfg/color.cfg
File: color.cfg 2016/01/02 v1.6 sample color configuration
)
Package color Info: Driver file: luatex.def on input line 147.

(c:/texlive/2019/texmf-dist/tex/latex/graphics-def/luatex.def
File: luatex.def 2018/01/08 v1.0l Graphics/color driver for luatex
))
(c:/texlive/2019/texmf-dist/tex/latex/pgf/frontendlayer/tikz.sty
(c:/texlive/2019/texmf-dist/tex/latex/pgf/basiclayer/pgf.sty
(c:/texlive/2019/texmf-dist/tex/latex/pgf/utilities/pgfrcs.sty
(c:/texlive/2019/texmf-dist/tex/generic/pgf/utilities/pgfutil-common.tex
\pgfutil@everybye=\toks33
\pgfutil@tempdima=\dimen163
\pgfutil@tempdimb=\dimen164

(c:/texlive/2019/texmf-dist/tex/generic/pgf/utilities/pgfutil-common-lists.tex))
 (c:/texlive/2019/texmf-dist/tex/generic/pgf/utilities/pgfutil-latex.def
\pgfutil@abb=\box50

(c:/texlive/2019/texmf-dist/tex/latex/ms/everyshi.sty
Package: everyshi 2001/05/15 v3.00 EveryShipout Package (MS)
))
(c:/texlive/2019/texmf-dist/tex/generic/pgf/utilities/pgfrcs.code.tex
(c:/texlive/2019/texmf-dist/tex/generic/pgf/pgf.revision.tex)
Package: pgfrcs 2019/02/02 v3.1.1 (3.1.1)
))
Package: pgf 2019/02/02 v3.1.1 (3.1.1)

(c:/texlive/2019/texmf-dist/tex/latex/pgf/basiclayer/pgfcore.sty
(c:/texlive/2019/texmf-dist/tex/latex/graphics/graphicx.sty
Package: graphicx 2017/06/01 v1.1a Enhanced LaTeX Graphics (DPC,SPQR)

(c:/texlive/2019/texmf-dist/tex/latex/graphics/graphics.sty
Package: graphics 2017/06/25 v1.2c Standard LaTeX Graphics (DPC,SPQR)

(c:/texlive/2019/texmf-dist/tex/latex/graphics/trig.sty
Package: trig 2016/01/03 v1.10 sin cos tan (DPC)
)
(c:/texlive/2019/texmf-dist/tex/latex/graphics-cfg/graphics.cfg
File: graphics.cfg 2016/06/04 v1.11 sample graphics configuration
)
Package graphics Info: Driver file: luatex.def on input line 99.
)
\Gin@req@height=\dimen165
\Gin@req@width=\dimen166
)
(c:/texlive/2019/texmf-dist/tex/latex/pgf/systemlayer/pgfsys.sty
(c:/texlive/2019/texmf-dist/tex/generic/pgf/systemlayer/pgfsys.code.tex
Package: pgfsys 2019/02/02 v3.1.1 (3.1.1)

(c:/texlive/2019/texmf-dist/tex/generic/pgf/utilities/pgfkeys.code.tex
\pgfkeys@pathtoks=\toks34
\pgfkeys@temptoks=\toks35

(c:/texlive/2019/texmf-dist/tex/generic/pgf/utilities/pgfkeysfiltered.code.tex
\pgfkeys@tmptoks=\toks36
))
\pgf@x=\dimen167
\pgf@y=\dimen168
\pgf@xa=\dimen169
\pgf@ya=\dimen170
\pgf@xb=\dimen171
\pgf@yb=\dimen172
\pgf@xc=\dimen173
\pgf@yc=\dimen174
\w@pgf@writea=\write4
\r@pgf@reada=\read1
\c@pgf@counta=\count129
\c@pgf@countb=\count130
\c@pgf@countc=\count131
\c@pgf@countd=\count132
\t@pgf@toka=\toks37
\t@pgf@tokb=\toks38
\t@pgf@tokc=\toks39
\pgf@sys@id@count=\count133
 (c:/texlive/2019/texmf-dist/tex/generic/pgf/systemlayer/pgf.cfg
File: pgf.cfg 2019/02/02 v3.1.1 (3.1.1)
)
Driver file for pgf: pgfsys-luatex.def

(c:/texlive/2019/texmf-dist/tex/generic/pgf/systemlayer/pgfsys-luatex.def
File: pgfsys-luatex.def 2019/02/02 v3.1.1 (3.1.1)

(c:/texlive/2019/texmf-dist/tex/generic/pgf/systemlayer/pgfsys-common-pdf.def
File: pgfsys-common-pdf.def 2019/02/02 v3.1.1 (3.1.1)
)))
(c:/texlive/2019/texmf-dist/tex/generic/pgf/systemlayer/pgfsyssoftpath.code.tex
File: pgfsyssoftpath.code.tex 2019/02/02 v3.1.1 (3.1.1)
\pgfsyssoftpath@smallbuffer@items=\count134
\pgfsyssoftpath@bigbuffer@items=\count135
)
(c:/texlive/2019/texmf-dist/tex/generic/pgf/systemlayer/pgfsysprotocol.code.tex
File: pgfsysprotocol.code.tex 2019/02/02 v3.1.1 (3.1.1)
)) (c:/texlive/2019/texmf-dist/tex/latex/xcolor/xcolor.sty
Package: xcolor 2016/05/11 v2.12 LaTeX color extensions (UK)

(c:/texlive/2019/texmf-dist/tex/latex/graphics-cfg/color.cfg
File: color.cfg 2016/01/02 v1.6 sample color configuration
)
Package xcolor Info: Driver file: luatex.def on input line 225.
LaTeX Info: Redefining \color on input line 709.
Package xcolor Info: Model `cmy' substituted by `cmy0' on input line 1348.
Package xcolor Info: Model `hsb' substituted by `rgb' on input line 1352.
Package xcolor Info: Model `RGB' extended on input line 1364.
Package xcolor Info: Model `HTML' substituted by `rgb' on input line 1366.
Package xcolor Info: Model `Hsb' substituted by `hsb' on input line 1367.
Package xcolor Info: Model `tHsb' substituted by `hsb' on input line 1368.
Package xcolor Info: Model `HSB' substituted by `hsb' on input line 1369.
Package xcolor Info: Model `Gray' substituted by `gray' on input line 1370.
Package xcolor Info: Model `wave' substituted by `hsb' on input line 1371.
)
(c:/texlive/2019/texmf-dist/tex/generic/pgf/basiclayer/pgfcore.code.tex
Package: pgfcore 2019/02/02 v3.1.1 (3.1.1)

(c:/texlive/2019/texmf-dist/tex/generic/pgf/math/pgfmath.code.tex
(c:/texlive/2019/texmf-dist/tex/generic/pgf/math/pgfmathcalc.code.tex
(c:/texlive/2019/texmf-dist/tex/generic/pgf/math/pgfmathutil.code.tex)
(c:/texlive/2019/texmf-dist/tex/generic/pgf/math/pgfmathparser.code.tex
\pgfmath@dimen=\dimen175
\pgfmath@count=\count136
\pgfmath@box=\box51
\pgfmath@toks=\toks40
\pgfmath@stack@operand=\toks41
\pgfmath@stack@operation=\toks42
)
(c:/texlive/2019/texmf-dist/tex/generic/pgf/math/pgfmathfunctions.code.tex
(c:/texlive/2019/texmf-dist/tex/generic/pgf/math/pgfmathfunctions.basic.code.te
x)
(c:/texlive/2019/texmf-dist/tex/generic/pgf/math/pgfmathfunctions.trigonometric
.code.tex)
(c:/texlive/2019/texmf-dist/tex/generic/pgf/math/pgfmathfunctions.random.code.t
ex)
(c:/texlive/2019/texmf-dist/tex/generic/pgf/math/pgfmathfunctions.comparison.co
de.tex)
(c:/texlive/2019/texmf-dist/tex/generic/pgf/math/pgfmathfunctions.base.code.tex
)
(c:/texlive/2019/texmf-dist/tex/generic/pgf/math/pgfmathfunctions.round.code.te
x)
(c:/texlive/2019/texmf-dist/tex/generic/pgf/math/pgfmathfunctions.misc.code.tex
)
(c:/texlive/2019/texmf-dist/tex/generic/pgf/math/pgfmathfunctions.integerarithm
etics.code.tex)))
(c:/texlive/2019/texmf-dist/tex/generic/pgf/math/pgfmathfloat.code.tex
\c@pgfmathroundto@lastzeros=\count137
))
(c:/texlive/2019/texmf-dist/tex/generic/pgf/basiclayer/pgfcorepoints.code.tex
File: pgfcorepoints.code.tex 2019/02/02 v3.1.1 (3.1.1)
\pgf@picminx=\dimen176
\pgf@picmaxx=\dimen177
\pgf@picminy=\dimen178
\pgf@picmaxy=\dimen179
\pgf@pathminx=\dimen180
\pgf@pathmaxx=\dimen181
\pgf@pathminy=\dimen182
\pgf@pathmaxy=\dimen183
\pgf@xx=\dimen184
\pgf@xy=\dimen185
\pgf@yx=\dimen186
\pgf@yy=\dimen187
\pgf@zx=\dimen188
\pgf@zy=\dimen189
)
(c:/texlive/2019/texmf-dist/tex/generic/pgf/basiclayer/pgfcorepathconstruct.cod
e.tex
File: pgfcorepathconstruct.code.tex 2019/02/02 v3.1.1 (3.1.1)
\pgf@path@lastx=\dimen190
\pgf@path@lasty=\dimen191
)
(c:/texlive/2019/texmf-dist/tex/generic/pgf/basiclayer/pgfcorepathusage.code.te
x
File: pgfcorepathusage.code.tex 2019/02/02 v3.1.1 (3.1.1)
\pgf@shorten@end@additional=\dimen192
\pgf@shorten@start@additional=\dimen193
)
(c:/texlive/2019/texmf-dist/tex/generic/pgf/basiclayer/pgfcorescopes.code.tex
File: pgfcorescopes.code.tex 2019/02/02 v3.1.1 (3.1.1)
\pgfpic=\box52
\pgf@hbox=\box53
\pgf@layerbox@main=\box54
\pgf@picture@serial@count=\count138
)
(c:/texlive/2019/texmf-dist/tex/generic/pgf/basiclayer/pgfcoregraphicstate.code
.tex
File: pgfcoregraphicstate.code.tex 2019/02/02 v3.1.1 (3.1.1)
\pgflinewidth=\dimen194
)
(c:/texlive/2019/texmf-dist/tex/generic/pgf/basiclayer/pgfcoretransformations.c
ode.tex
File: pgfcoretransformations.code.tex 2019/02/02 v3.1.1 (3.1.1)
\pgf@pt@x=\dimen195
\pgf@pt@y=\dimen196
\pgf@pt@temp=\dimen197
)
(c:/texlive/2019/texmf-dist/tex/generic/pgf/basiclayer/pgfcorequick.code.tex
File: pgfcorequick.code.tex 2019/02/02 v3.1.1 (3.1.1)
)
(c:/texlive/2019/texmf-dist/tex/generic/pgf/basiclayer/pgfcoreobjects.code.tex
File: pgfcoreobjects.code.tex 2019/02/02 v3.1.1 (3.1.1)
)
(c:/texlive/2019/texmf-dist/tex/generic/pgf/basiclayer/pgfcorepathprocessing.co
de.tex
File: pgfcorepathprocessing.code.tex 2019/02/02 v3.1.1 (3.1.1)
)
(c:/texlive/2019/texmf-dist/tex/generic/pgf/basiclayer/pgfcorearrows.code.tex
File: pgfcorearrows.code.tex 2019/02/02 v3.1.1 (3.1.1)
\pgfarrowsep=\dimen198
)
(c:/texlive/2019/texmf-dist/tex/generic/pgf/basiclayer/pgfcoreshade.code.tex
File: pgfcoreshade.code.tex 2019/02/02 v3.1.1 (3.1.1)
\pgf@max=\dimen199
\pgf@sys@shading@range@num=\count139
)
(c:/texlive/2019/texmf-dist/tex/generic/pgf/basiclayer/pgfcoreimage.code.tex
File: pgfcoreimage.code.tex 2019/02/02 v3.1.1 (3.1.1)

(c:/texlive/2019/texmf-dist/tex/generic/pgf/basiclayer/pgfcoreexternal.code.tex
File: pgfcoreexternal.code.tex 2019/02/02 v3.1.1 (3.1.1)
\pgfexternal@startupbox=\box55
))
(c:/texlive/2019/texmf-dist/tex/generic/pgf/basiclayer/pgfcorelayers.code.tex
File: pgfcorelayers.code.tex 2019/02/02 v3.1.1 (3.1.1)
)
(c:/texlive/2019/texmf-dist/tex/generic/pgf/basiclayer/pgfcoretransparency.code
.tex
File: pgfcoretransparency.code.tex 2019/02/02 v3.1.1 (3.1.1)
)
(c:/texlive/2019/texmf-dist/tex/generic/pgf/basiclayer/pgfcorepatterns.code.tex
File: pgfcorepatterns.code.tex 2019/02/02 v3.1.1 (3.1.1)
) (c:/texlive/2019/texmf-dist/tex/generic/pgf/basiclayer/pgfcorerdf.code.tex
File: pgfcorerdf.code.tex 2019/02/02 v3.1.1 (3.1.1)
))) (c:/texlive/2019/texmf-dist/tex/generic/pgf/modules/pgfmoduleshapes.code.te
x
File: pgfmoduleshapes.code.tex 2019/02/02 v3.1.1 (3.1.1)
\pgfnodeparttextbox=\box56
)
(c:/texlive/2019/texmf-dist/tex/generic/pgf/modules/pgfmoduleplot.code.tex
File: pgfmoduleplot.code.tex 2019/02/02 v3.1.1 (3.1.1)
)
(c:/texlive/2019/texmf-dist/tex/latex/pgf/compatibility/pgfcomp-version-0-65.st
y
Package: pgfcomp-version-0-65 2019/02/02 v3.1.1 (3.1.1)
\pgf@nodesepstart=\dimen256
\pgf@nodesepend=\dimen257
)
(c:/texlive/2019/texmf-dist/tex/latex/pgf/compatibility/pgfcomp-version-1-18.st
y
Package: pgfcomp-version-1-18 2019/02/02 v3.1.1 (3.1.1)
)) (c:/texlive/2019/texmf-dist/tex/latex/pgf/utilities/pgffor.sty
(c:/texlive/2019/texmf-dist/tex/latex/pgf/utilities/pgfkeys.sty
(c:/texlive/2019/texmf-dist/tex/generic/pgf/utilities/pgfkeys.code.tex))
(c:/texlive/2019/texmf-dist/tex/latex/pgf/math/pgfmath.sty
(c:/texlive/2019/texmf-dist/tex/generic/pgf/math/pgfmath.code.tex))
(c:/texlive/2019/texmf-dist/tex/generic/pgf/utilities/pgffor.code.tex
Package: pgffor 2019/02/02 v3.1.1 (3.1.1)

(c:/texlive/2019/texmf-dist/tex/generic/pgf/math/pgfmath.code.tex)
\pgffor@iter=\dimen258
\pgffor@skip=\dimen259
\pgffor@stack=\toks43
\pgffor@toks=\toks44
))
(c:/texlive/2019/texmf-dist/tex/generic/pgf/frontendlayer/tikz/tikz.code.tex
Package: tikz 2019/02/02 v3.1.1 (3.1.1)

(c:/texlive/2019/texmf-dist/tex/generic/pgf/libraries/pgflibraryplothandlers.co
de.tex
File: pgflibraryplothandlers.code.tex 2019/02/02 v3.1.1 (3.1.1)
\pgf@plot@mark@count=\count140
\pgfplotmarksize=\dimen260
)
\tikz@lastx=\dimen261
\tikz@lasty=\dimen262
\tikz@lastxsaved=\dimen263
\tikz@lastysaved=\dimen264
\tikzleveldistance=\dimen265
\tikzsiblingdistance=\dimen266
\tikz@figbox=\box57
\tikz@figbox@bg=\box58
\tikz@tempbox=\box59
\tikz@tempbox@bg=\box60
\tikztreelevel=\count141
\tikznumberofchildren=\count142
\tikznumberofcurrentchild=\count143
\tikz@fig@count=\count144

(c:/texlive/2019/texmf-dist/tex/generic/pgf/modules/pgfmodulematrix.code.tex
File: pgfmodulematrix.code.tex 2019/02/02 v3.1.1 (3.1.1)
\pgfmatrixcurrentrow=\count145
\pgfmatrixcurrentcolumn=\count146
\pgf@matrix@numberofcolumns=\count147
)
\tikz@expandcount=\count148

(c:/texlive/2019/texmf-dist/tex/generic/pgf/frontendlayer/tikz/libraries/tikzli
brarytopaths.code.tex
File: tikzlibrarytopaths.code.tex 2019/02/02 v3.1.1 (3.1.1)
)))
(c:/texlive/2019/texmf-dist/tex/luatex/luatexja/addons/luatexja-fontspec.sty
Package: luatexja-fontspec 2019/03/20 fontspec support of LuaTeX-ja

(c:/texlive/2019/texmf-dist/tex/latex/l3packages/l3keys2e/l3keys2e.sty
(c:/texlive/2019/texmf-dist/tex/latex/l3kernel/expl3.sty
Package: expl3 2019-04-06 L3 programming layer (loader) 

(c:/texlive/2019/texmf-dist/tex/latex/l3kernel/expl3-code.tex
Package: expl3 2019-04-06 L3 programming layer (code)
\ucharcat@table=\catcodetable9
\c_max_int=\count149
\l_tmpa_int=\count150
\l_tmpb_int=\count151
\g_tmpa_int=\count152
\g_tmpb_int=\count153
\g__kernel_prg_map_int=\count154
\c__ior_term_ior=\count155
\c_log_iow=\count156
\l_iow_line_count_int=\count157
\l__iow_line_target_int=\count158
\l__iow_one_indent_int=\count159
\l__iow_indent_int=\count160
\c_zero_dim=\dimen267
\c_max_dim=\dimen268
\l_tmpa_dim=\dimen269
\l_tmpb_dim=\dimen270
\g_tmpa_dim=\dimen271
\g_tmpb_dim=\dimen272
\c_zero_skip=\skip53
\c_max_skip=\skip54
\l_tmpa_skip=\skip55
\l_tmpb_skip=\skip56
\g_tmpa_skip=\skip57
\g_tmpb_skip=\skip58
\c_zero_muskip=\muskip11
\c_max_muskip=\muskip12
\l_tmpa_muskip=\muskip13
\l_tmpb_muskip=\muskip14
\g_tmpa_muskip=\muskip15
\g_tmpb_muskip=\muskip16
\l_keys_choice_int=\count161
\l__intarray_loop_int=\count162
\c__intarray_sp_dim=\dimen273
\g__intarray_font_int=\count163
\c__fp_leading_shift_int=\count164
\c__fp_middle_shift_int=\count165
\c__fp_trailing_shift_int=\count166
\c__fp_big_leading_shift_int=\count167
\c__fp_big_middle_shift_int=\count168
\c__fp_big_trailing_shift_int=\count169
\c__fp_Bigg_leading_shift_int=\count170
\c__fp_Bigg_middle_shift_int=\count171
\c__fp_Bigg_trailing_shift_int=\count172
\g__fp_array_int=\count173
\l__fp_array_loop_int=\count174
\l__sort_length_int=\count175
\l__sort_min_int=\count176
\l__sort_top_int=\count177
\l__sort_max_int=\count178
\l__sort_true_max_int=\count179
\l__sort_block_int=\count180
\l__sort_begin_int=\count181
\l__sort_end_int=\count182
\l__sort_A_int=\count183
\l__sort_B_int=\count184
\l__sort_C_int=\count185
\l__tl_analysis_normal_int=\count186
\l__tl_analysis_index_int=\count187
\l__tl_analysis_nesting_int=\count188
\l__tl_analysis_type_int=\count189
\l__regex_internal_a_int=\count190
\l__regex_internal_b_int=\count191
\l__regex_internal_c_int=\count192
\l__regex_balance_int=\count193
\l__regex_group_level_int=\count194
\l__regex_mode_int=\count195
\c__regex_cs_in_class_mode_int=\count196
\c__regex_cs_mode_int=\count197
\l__regex_catcodes_int=\count198
\l__regex_default_catcodes_int=\count199
\c__regex_catcode_L_int=\count266
\c__regex_catcode_O_int=\count267
\c__regex_catcode_A_int=\count268
\c__regex_all_catcodes_int=\count269
\l__regex_show_lines_int=\count270
\l__regex_min_state_int=\count271
\l__regex_max_state_int=\count272
\l__regex_left_state_int=\count273
\l__regex_right_state_int=\count274
\l__regex_capturing_group_int=\count275
\l__regex_min_pos_int=\count276
\l__regex_max_pos_int=\count277
\l__regex_curr_pos_int=\count278
\l__regex_start_pos_int=\count279
\l__regex_success_pos_int=\count280
\l__regex_curr_char_int=\count281
\l__regex_curr_catcode_int=\count282
\l__regex_last_char_int=\count283
\l__regex_case_changed_char_int=\count284
\l__regex_curr_state_int=\count285
\l__regex_step_int=\count286
\l__regex_min_active_int=\count287
\l__regex_max_active_int=\count288
\l__regex_replacement_csnames_int=\count289
\l__regex_match_count_int=\count290
\l__regex_min_submatch_int=\count291
\l__regex_submatch_int=\count292
\l__regex_zeroth_submatch_int=\count293
\g__regex_trace_regex_int=\count294
\c_empty_box=\box61
\l_tmpa_box=\box62
\l_tmpb_box=\box63
\g_tmpa_box=\box64
\g_tmpb_box=\box65
\l__box_top_dim=\dimen274
\l__box_bottom_dim=\dimen275
\l__box_left_dim=\dimen276
\l__box_right_dim=\dimen277
\l__box_top_new_dim=\dimen278
\l__box_bottom_new_dim=\dimen279
\l__box_left_new_dim=\dimen280
\l__box_right_new_dim=\dimen281
\l__box_internal_box=\box66
\l__coffin_internal_box=\box67
\l__coffin_internal_dim=\dimen282
\l__coffin_offset_x_dim=\dimen283
\l__coffin_offset_y_dim=\dimen284
\l__coffin_x_dim=\dimen285
\l__coffin_y_dim=\dimen286
\l__coffin_x_prime_dim=\dimen287
\l__coffin_y_prime_dim=\dimen288
\c_empty_coffin=\box68
\l__coffin_aligned_coffin=\box69
\l__coffin_aligned_internal_coffin=\box70
\l_tmpa_coffin=\box71
\l_tmpb_coffin=\box72
\g_tmpa_coffin=\box73
\g_tmpb_coffin=\box74
\l__coffin_bounding_shift_dim=\dimen289
\l__coffin_left_corner_dim=\dimen290
\l__coffin_right_corner_dim=\dimen291
\l__coffin_bottom_corner_dim=\dimen292
\l__coffin_top_corner_dim=\dimen293
\l__coffin_scaled_total_height_dim=\dimen294
\l__coffin_scaled_width_dim=\dimen295
\c__coffin_empty_coffin=\box75
\l__coffin_display_coffin=\box76
\l__coffin_display_coord_coffin=\box77
\l__coffin_display_pole_coffin=\box78
\l__coffin_display_offset_dim=\dimen296
\l__coffin_display_x_dim=\dimen297
\l__coffin_display_y_dim=\dimen298
\g__file_internal_ior=\read2
\l__seq_internal_a_int=\count295
\l__seq_internal_b_int=\count296
\c__deprecation_minus_one=\count297
)
(c:/texlive/2019/texmf-dist/tex/latex/l3kernel/l3pdfmode.def
File: l3pdfmode.def 2019-04-06 v L3 Experimental driver: PDF mode
\l__driver_color_stack_int=\count298
))
Package: l3keys2e 2019-03-05 LaTeX2e option processing using LaTeX3 keys
)
(c:/texlive/2019/texmf-dist/tex/latex/fontspec/fontspec.sty
(c:/texlive/2019/texmf-dist/tex/latex/l3packages/xparse/xparse.sty
Package: xparse 2019-03-05 L3 Experimental document command parser
\l__xparse_current_arg_int=\count299
\g__xparse_grabber_int=\count300
\l__xparse_m_args_int=\count301
\l__xparse_v_nesting_int=\count302
)
Package: fontspec 2019/03/15 v2.7c Font selection for XeLaTeX and LuaLaTeX
Lua module: fontspec 2019/03/15 2.7c Font selection for XeLaTeX and LuaLaTeX
(c:/texlive/2019/texmf-dist/tex/latex/fontspec/fontspec-luatex.sty
Package: fontspec-luatex 2019/03/15 v2.7c Font selection for XeLaTeX and LuaLaTe
X
\l__fontspec_script_int=\count303
\l__fontspec_language_int=\count304
\l__fontspec_strnum_int=\count305
\l__fontspec_tmp_int=\count306
\l__fontspec_tmpa_int=\count307
\l__fontspec_tmpb_int=\count308
\l__fontspec_tmpc_int=\count309
\l__fontspec_em_int=\count310
\l__fontspec_emdef_int=\count311
\l__fontspec_strong_int=\count312
\l__fontspec_strongdef_int=\count313
\l__fontspec_tmpa_dim=\dimen299
\l__fontspec_tmpb_dim=\dimen300
\l__fontspec_tmpc_dim=\dimen301

(c:/texlive/2019/texmf-dist/tex/latex/base/fontenc.sty
Package: fontenc 2018/08/11 v2.0j Standard LaTeX package

(c:/texlive/2019/texmf-dist/tex/latex/base/tuenc.def
File: tuenc.def 2018/08/11 v2.0j Standard LaTeX file
LaTeX Font Info:    Redeclaring font encoding TU on input line 82.
))
(c:/texlive/2019/texmf-dist/tex/latex/fontspec/fontspec.cfg)
LaTeX Info: Redefining \itshape on input line 3783.
LaTeX Info: Redefining \slshape on input line 3788.
LaTeX Info: Redefining \scshape on input line 3793.
LaTeX Info: Redefining \upshape on input line 3798.
LaTeX Info: Redefining \em on input line 3828.
LaTeX Info: Redefining \emph on input line 3853.
LaTeX Font Info:    Font shape `JT3/mc/bx/n' in size <10> not available
(Font)              Font shape `JT3/gt/m/n' tried instead on input line 3902.
LaTeX Font Info:    Font shape `JT3/gt/m/n' will be
(Font)              scaled to size 9.24713pt on input line 3902.
LaTeX Font Info:    Font shape `JY3/mc/bx/n' in size <10> not available
(Font)              Font shape `JY3/gt/m/n' tried instead on input line 3902.
LaTeX Font Info:    Font shape `JY3/gt/m/n' will be
(Font)              scaled to size 9.24713pt on input line 3902.
(load cache: C:/Users/kentaIZUMIDA/.texlive2019/texmf-var/luatexja/extra_ipaexgo
thic.luc)
LaTeX Font Info:    Font shape `JT3/mc/m/it' in size <10> not available
(Font)              Font shape `JT3/mc/m/n' tried instead on input line 3903.
LaTeX Font Info:    Font shape `JT3/mc/m/n' will be
(Font)              scaled to size 9.24713pt on input line 3903.
LaTeX Font Info:    Font shape `JY3/mc/m/it' in size <10> not available
(Font)              Font shape `JY3/mc/m/n' tried instead on input line 3903.
LaTeX Font Info:    Font shape `JY3/mc/m/n' will be
(Font)              scaled to size 9.24713pt on input line 3903.
))
(c:/texlive/2019/texmf-dist/tex/luatex/luatexja/patches/lltjp-fontspec.sty)
(c:/texlive/2019/texmf-dist/tex/luatex/luatexja/addons/luatexja-fontspec-27c.st
y
Package: luatexja-fontspec-27c 2019/03/20 fontspec support of LuaTeX-ja
\g__ltj_fontspec_altnumber_int=\count314
)) (c:/texlive/2019/texmf-dist/tex/latex/listings/lstlang1.sty
File: lstlang1.sty 2019/02/27 1.8b listings language file
)
(c:/texlive/2019/texmf-dist/tex/latex/listings/lstmisc.sty
File: lstmisc.sty 2019/02/27 1.8b (Carsten Heinz)
) (./report1.aux)
\openout1 = report1.aux

LaTeX Font Info:    Checking defaults for OML/cmm/m/it on input line 56.
LaTeX Font Info:    ... okay on input line 56.
LaTeX Font Info:    Checking defaults for T1/cmr/m/n on input line 56.
LaTeX Font Info:    ... okay on input line 56.
LaTeX Font Info:    Checking defaults for OT1/cmr/m/n on input line 56.
LaTeX Font Info:    ... okay on input line 56.
LaTeX Font Info:    Checking defaults for OMS/cmsy/m/n on input line 56.
LaTeX Font Info:    ... okay on input line 56.
LaTeX Font Info:    Checking defaults for TU/lmr/m/n on input line 56.
LaTeX Font Info:    ... okay on input line 56.
LaTeX Font Info:    Checking defaults for OMX/cmex/m/n on input line 56.
LaTeX Font Info:    ... okay on input line 56.
LaTeX Font Info:    Checking defaults for U/cmr/m/n on input line 56.
LaTeX Font Info:    ... okay on input line 56.
LaTeX Font Info:    Checking defaults for JY3/mc/m/n on input line 56.
LaTeX Font Info:    ... okay on input line 56.
LaTeX Font Info:    Checking defaults for JT3/mc/m/n on input line 56.
LaTeX Font Info:    ... okay on input line 56.

ABD: EverySelectfont initializing macros
LaTeX Info: Redefining \selectfont on input line 56.

*geometry* driver: auto-detecting
*geometry* detected driver: luatex
*geometry* verbose mode - [ preamble ] result:
* driver: luatex
* paper: a4paper
* layout: <same size as paper>
* layoutoffset:(h,v)=(0.0pt,0.0pt)
* modes: 
* h-part:(L,W,R)=(71.13188pt, 455.24411pt, 71.13188pt)
* v-part:(T,H,B)=(71.13188pt, 688.5567pt, 85.35826pt)
* \paperwidth=597.50787pt
* \paperheight=845.04684pt
* \textwidth=455.24411pt
* \textheight=688.5567pt
* \oddsidemargin=-1.1381pt
* \evensidemargin=-1.1381pt
* \topmargin=-36.83495pt
* \headheight=20.0pt
* \headsep=15.69684pt
* \topskip=12.76108pt
* \footskip=28.45792pt
* \marginparwidth=18.49426pt
* \marginparsep=18.49426pt
* \columnsep=18.49426pt
* \skip\footins=16.0pt plus 5.0pt minus 2.0pt
* \hoffset=0.0pt
* \voffset=0.0pt
* \mag=1000
* \@twocolumnfalse
* \@twosidefalse
* \@mparswitchfalse
* \@reversemarginfalse
* (1in=72.27pt=25.4mm, 1cm=28.453pt)

\c@lstlisting=\count315
(c:/texlive/2019/texmf-dist/tex/context/base/mkii/supp-pdf.mkii
[Loading MPS to PDF converter (version 2006.09.02).]
\scratchcounter=\count316
\scratchdimen=\dimen302
\scratchbox=\box79
\nofMPsegments=\count317
\nofMParguments=\count318
\everyMPshowfont=\toks45
\MPscratchCnt=\count319
\MPscratchDim=\dimen303
\MPnumerator=\count320
\makeMPintoPDFobject=\count321
\everyMPtoPDFconversion=\toks46
) (c:/texlive/2019/texmf-dist/tex/latex/oberdiek/epstopdf-base.sty
Package: epstopdf-base 2016/05/15 v2.6 Base part for package epstopdf

(c:/texlive/2019/texmf-dist/tex/latex/oberdiek/grfext.sty
Package: grfext 2016/05/16 v1.2 Manage graphics extensions (HO)

(c:/texlive/2019/texmf-dist/tex/generic/oberdiek/kvdefinekeys.sty
Package: kvdefinekeys 2016/05/16 v1.4 Define keys (HO)
))
(c:/texlive/2019/texmf-dist/tex/latex/oberdiek/kvoptions.sty
Package: kvoptions 2016/05/16 v3.12 Key value format for package options (HO)

(c:/texlive/2019/texmf-dist/tex/generic/oberdiek/kvsetkeys.sty
Package: kvsetkeys 2016/05/16 v1.17 Key value parser (HO)

(c:/texlive/2019/texmf-dist/tex/generic/oberdiek/etexcmds.sty
Package: etexcmds 2016/05/16 v1.6 Avoid name clashes with e-TeX commands (HO)
)))
Package epstopdf-base Info: Redefining graphics rule for `.eps' on input line 43
8.
Package grfext Info: Graphics extension search list:
(grfext)             [.pdf,.png,.jpg,.mps,.jpeg,.jbig2,.jb2,.PDF,.PNG,.JPG,.JPEG
,.JBIG2,.JB2,.eps]
(grfext)             \AppendGraphicsExtensions on input line 456.

(c:/texlive/2019/texmf-dist/tex/latex/latexconfig/epstopdf-sys.cfg
File: epstopdf-sys.cfg 2010/07/13 v1.3 Configuration of (r)epstopdf for TeX Live

))
ABD: EveryShipout initializing macros

Package fontspec Info: Adjusting the maths setup (use [no-math] to avoid
(fontspec)             this).

\symlegacymaths=\mathgroup11
LaTeX Font Info:    Overwriting symbol font `legacymaths' in version `bold'
(Font)                  OT1/cmr/m/n --> OT1/cmr/bx/n on input line 56.
LaTeX Font Info:    Redeclaring math accent \acute on input line 56.
LaTeX Font Info:    Redeclaring math accent \grave on input line 56.
LaTeX Font Info:    Redeclaring math accent \ddot on input line 56.
LaTeX Font Info:    Redeclaring math accent \tilde on input line 56.
LaTeX Font Info:    Redeclaring math accent \bar on input line 56.
LaTeX Font Info:    Redeclaring math accent \breve on input line 56.
LaTeX Font Info:    Redeclaring math accent \check on input line 56.
LaTeX Font Info:    Redeclaring math accent \hat on input line 56.
LaTeX Font Info:    Redeclaring math accent \dot on input line 56.
LaTeX Font Info:    Redeclaring math accent \mathring on input line 56.
LaTeX Font Info:    Redeclaring math symbol \Gamma on input line 56.
LaTeX Font Info:    Redeclaring math symbol \Delta on input line 56.
LaTeX Font Info:    Redeclaring math symbol \Theta on input line 56.
LaTeX Font Info:    Redeclaring math symbol \Lambda on input line 56.
LaTeX Font Info:    Redeclaring math symbol \Xi on input line 56.
LaTeX Font Info:    Redeclaring math symbol \Pi on input line 56.
LaTeX Font Info:    Redeclaring math symbol \Sigma on input line 56.
LaTeX Font Info:    Redeclaring math symbol \Upsilon on input line 56.
LaTeX Font Info:    Redeclaring math symbol \Phi on input line 56.
LaTeX Font Info:    Redeclaring math symbol \Psi on input line 56.
LaTeX Font Info:    Redeclaring math symbol \Omega on input line 56.
LaTeX Font Info:    Redeclaring math symbol \mathdollar on input line 56.
LaTeX Font Info:    Redeclaring symbol font `operators' on input line 56.
LaTeX Font Info:    Encoding `OT1' has changed to `TU' for symbol font
(Font)              `operators' in the math version `normal' on input line 56.
LaTeX Font Info:    Overwriting symbol font `operators' in version `normal'
(Font)                  OT1/cmr/m/n --> TU/lmr/m/n on input line 56.
LaTeX Font Info:    Encoding `OT1' has changed to `TU' for symbol font
(Font)              `operators' in the math version `bold' on input line 56.
LaTeX Font Info:    Overwriting symbol font `operators' in version `bold'
(Font)                  OT1/cmr/bx/n --> TU/lmr/m/n on input line 56.
LaTeX Font Info:    Overwriting symbol font `operators' in version `normal'
(Font)                  TU/lmr/m/n --> TU/lmr/m/n on input line 56.
LaTeX Font Info:    Overwriting math alphabet `\mathit' in version `normal'
(Font)                  OT1/cmr/m/it --> TU/lmr/m/it on input line 56.
LaTeX Font Info:    Overwriting math alphabet `\mathbf' in version `normal'
(Font)                  OT1/cmr/bx/n --> TU/lmr/bx/n on input line 56.
LaTeX Font Info:    Overwriting math alphabet `\mathsf' in version `normal'
(Font)                  OT1/cmss/m/n --> TU/lmss/m/n on input line 56.
LaTeX Font Info:    Overwriting math alphabet `\mathtt' in version `normal'
(Font)                  OT1/cmtt/m/n --> TU/lmtt/m/n on input line 56.
LaTeX Font Info:    Overwriting symbol font `operators' in version `bold'
(Font)                  TU/lmr/m/n --> TU/lmr/bx/n on input line 56.
LaTeX Font Info:    Overwriting math alphabet `\mathit' in version `bold'
(Font)                  OT1/cmr/bx/it --> TU/lmr/bx/it on input line 56.
LaTeX Font Info:    Overwriting math alphabet `\mathsf' in version `bold'
(Font)                  OT1/cmss/bx/n --> TU/lmss/bx/n on input line 56.
LaTeX Font Info:    Overwriting math alphabet `\mathtt' in version `bold'
(Font)                  OT1/cmtt/m/n --> TU/lmtt/bx/n on input line 56.
LaTeX Font Info:    Font shape `JT3/gt/m/n' will be
(Font)              scaled to size 9.24713pt on input line 62.
(load cache: C:/Users/kentaIZUMIDA/.texlive2019/texmf-var/luatexja/extra_lmsans1
7-regular.luc)
LaTeX Font Info:    Font shape `JT3/gt/m/n' will be
(Font)              scaled to size 15.97903pt on input line 62.
LaTeX Font Info:    Font shape `JY3/gt/m/n' will be
(Font)              scaled to size 15.97903pt on input line 62.
LaTeX Font Info:    Font shape `JT3/mc/m/n' will be
(Font)              scaled to size 13.31586pt on input line 68.
LaTeX Font Info:    Font shape `JY3/mc/m/n' will be
(Font)              scaled to size 13.31586pt on input line 68.
LaTeX Font Info:    Font shape `JT3/gt/m/n' will be
(Font)              scaled to size 13.31586pt on input line 68.
LaTeX Font Info:    Font shape `JY3/gt/m/n' will be
(Font)              scaled to size 13.31586pt on input line 68.
LaTeX Font Info:    Font shape `JT3/gt/m/n' will be
(Font)              scaled to size 19.17854pt on input line 68.
LaTeX Font Info:    Font shape `JY3/gt/m/n' will be
(Font)              scaled to size 19.17854pt on input line 68.


LaTeX Warning: Citation `Make' on page 1 undefined on input line 88.

LaTeX Font Info:    Font shape `JT3/gt/m/n' will be
(Font)              scaled to size 8.32242pt on input line 90.
LaTeX Font Info:    Font shape `JY3/gt/m/n' will be
(Font)              scaled to size 8.32242pt on input line 90.
Removing  `ltj.process_input_buffer' from `process_input_buffer'.
Inserting `ltj.listings_unicode' at position 1 in `process_input_buffer'.
Inserting `ltj.process_input_buffer' at position 2 in `process_input_buffer'.
LaTeX Font Info:    Font shape `JT3/mc/m/n' will be
(Font)              scaled to size 8.32242pt on input line 91.
LaTeX Font Info:    Font shape `JY3/mc/m/n' will be
(Font)              scaled to size 8.32242pt on input line 91.
Removing  `ltj.listings_unicode' from `process_input_buffer'.

LaTeX Warning: Citation `Grep' on page 1 undefined on input line 102.

Removing  `ltj.process_input_buffer' from `process_input_buffer'.
Inserting `ltj.listings_unicode' at position 1 in `process_input_buffer'.
Inserting `ltj.process_input_buffer' at position 2 in `process_input_buffer'.
Removing  `ltj.listings_unicode' from `process_input_buffer'.

LaTeX Warning: Citation `touch' on page 1 undefined on input line 115.

Removing  `ltj.process_input_buffer' from `process_input_buffer'.
Inserting `ltj.listings_unicode' at position 1 in `process_input_buffer'.
Inserting `ltj.process_input_buffer' at position 2 in `process_input_buffer'.
Removing  `ltj.listings_unicode' from `process_input_buffer'.

LaTeX Warning: Citation `isl' on page 1 undefined on input line 141.

LaTeX Font Info:    Font shape `JY3/mc/m/n' will be
(Font)              scaled to size 6.47299pt on input line 149.
LaTeX Font Info:    Font shape `JY3/mc/m/n' will be
(Font)              scaled to size 4.62357pt on input line 149.
LaTeX Font Info:    Try loading font information for U+msa on input line 149.
(c:/texlive/2019/texmf-dist/tex/latex/amsfonts/umsa.fd
File: umsa.fd 2013/01/14 v3.01 AMS symbols A
)
LaTeX Font Info:    Try loading font information for U+msb on input line 149.

(c:/texlive/2019/texmf-dist/tex/latex/amsfonts/umsb.fd
File: umsb.fd 2013/01/14 v3.01 AMS symbols B
)
LaTeX Font Info:    Font shape `JY3/gt/m/n' will be
(Font)              scaled to size 6.47299pt on input line 149.
LaTeX Font Info:    Font shape `JY3/gt/m/n' will be
(Font)              scaled to size 4.62357pt on input line 149.
LaTeX Font Info:    Font shape `JT3/mc/m/n' will be
(Font)              scaled to size 6.47299pt on input line 149.
(load cache: C:/Users/kentaIZUMIDA/.texlive2019/texmf-var/luatexja/extra_lmroman
6-regular.luc)
LaTeX Font Info:    Font shape `JY3/mc/m/n' will be
(Font)              scaled to size 5.54828pt on input line 149.
LaTeX Font Info:    Font shape `JY3/gt/m/n' will be
(Font)              scaled to size 7.3977pt on input line 149.
LaTeX Font Info:    Font shape `JY3/gt/m/n' will be
(Font)              scaled to size 5.54828pt on input line 149.
LaTeX Font Info:    Font shape `JT3/mc/m/n' will be
(Font)              scaled to size 5.54828pt on input line 149.
(load cache: C:/Users/kentaIZUMIDA/.texlive2019/texmf-var/luatexja/extra_lmmono8
-regular.luc)
LaTeX Font Info:    Font shape `JT3/gt/m/n' will be
(Font)              scaled to size 7.3977pt on input line 149.


LaTeX Warning: Citation `atmarkit' on page 1 undefined on input line 154.

[1

{c:/texlive/2019/texmf-var/fonts/map/pdftex/updmap/pdftex.map}] [2]
(./report1.aux)

LaTeX Warning: There were undefined references.

)

Here is how much of LuaTeX's memory you used:
 29433 strings out of 494300
 244161,953878 words of node,token memory allocated
 11116 words of node memory still in use:
   10 hlist, 2 vlist, 5 rule, 9 glue, 169 kern, 1 glyph, 4245 attribute, 197 glu
e_spec, 224 attribute_list, 1 write, 14 user_defined nodes
   avail lists: 1:23,2:63935,3:388,4:1215,5:869,6:54,7:4324,8:2,9:3208,10:19,11:
44
 32670 multiletter control sequences out of 65536+600000
 102 fonts using 30993143 bytes
 66i,10n,78p,1122b,701s stack positions out of 5000i,500n,10000p,200000b,100000s
<c:/texlive/2019/texmf-dist/fonts/opentype/public/lm/lmmono8-regular.otf><c:/tex
live/2019/texmf-dist/fonts/opentype/public/lm/lmroman6-regular.otf><c:/texlive/2
019/texmf-dist/fonts/opentype/public/lm/lmroman7-regular.otf><c:/texlive/2019/te
xmf-dist/fonts/opentype/public/lm/lmmono10-regular.otf><c:/texlive/2019/texmf-di
st/fonts/opentype/public/lm/lmsans10-regular.otf><c:/texlive/2019/texmf-dist/fon
ts/opentype/public/lm/lmmono9-regular.otf><c:/texlive/2019/texmf-dist/fonts/open
type/public/lm/lmroman9-regular.otf><c:/texlive/2019/texmf-dist/fonts/truetype/p
ublic/ipaex/ipaexm.ttf><c:/texlive/2019/texmf-dist/fonts/opentype/public/lm/lmro
man10-regular.otf><c:/texlive/2019/texmf-dist/fonts/opentype/public/lm/lmroman10
-bold.otf><c:/texlive/2019/texmf-dist/fonts/opentype/public/lm/lmsans12-regular.
otf><c:/texlive/2019/texmf-dist/fonts/truetype/public/ipaex/ipaexg.ttf>
Output written on report1.pdf (2 pages, 287476 bytes).

PDF statistics: 98 PDF objects out of 1000 (max. 8388607)
 57 compressed objects within 1 object stream
 0 named destinations out of 1000 (max. 131072)
 16 words of extra memory for PDF output out of 10000 (max. 100000000)

