\BOOKMARK [1][-]{section.1}{\376\377\000ス\000イ\000ッ\000チ\000ン\000グ\000コ\000ス\000ト\000が\000高\000い\000と\000考\000え\000る\000商\000品\000、\000ま\000た\000は\000サ\000ー\000ビ\000ス\000を\000ひ\000と\000つ\000選\000び\000、\000そ\000の\000概\000要\000に\000つ\000い\000て\000説\000明\000し\000て\000く\000だ\000さ\000い\000。}{}% 1
\BOOKMARK [1][-]{section.2}{\376\377\000独\000自\000の\000ポ\000ジ\000シ\000ョ\000ン\000を\000獲\000得\000で\000き\000て\000い\000る\000と\000考\000え\000る\000商\000品\000、\000ま\000た\000は\000企\000業\000を\000ひ\000と\000つ\000選\000び\000、\000そ\000の\000特\000徴\000を\000示\000す\000ポ\000ジ\000シ\000ョ\000ニ\000ン\000グ\000マ\000ッ\000プ\000を\000作\000成\000す\000る\000と\000き\000の\000分\000析\000軸\000\050\0002\000軸\000\051\000を\000選\000び\000、\000対\000象\000の\000商\000品\000\050\000企\000業\000\051\000の\000位\000置\000づ\000け\000な\000ど\000に\000つ\000い\000て\000説\000明\000す\000る\000。}{}% 2
\BOOKMARK [2][-]{subsection.2.1}{\376\377\000分\000析\000軸}{section.2}% 3
\BOOKMARK [2][-]{subsection.2.2}{\376\377\000ポ\000ジ\000シ\000ョ\000ニ\000ン\000グ\000マ\000ッ\000プ}{section.2}% 4
\BOOKMARK [1][-]{section.3}{\376\377\000日\000本\000に\000あ\000る\000コ\000ン\000ビ\000ニ\000で\000販\000売\000さ\000れ\000て\000い\000る\000弁\000当\000の\000年\000間\000売\000上\000高\000を\000推\000計\000し\000て\000く\000だ\000さ\000い\000。}{}% 5
\BOOKMARK [2][-]{subsection.3.1}{\376\377\000セ\000ブ\000ン\000イ\000レ\000ブ\000ン}{section.3}% 6
\BOOKMARK [2][-]{subsection.3.2}{\376\377\000ロ\000ー\000ソ\000ン}{section.3}% 7
\BOOKMARK [2][-]{subsection.3.3}{\376\377\000フ\000ァ\000ミ\000リ\000ー\000マ\000ー\000ト}{section.3}% 8
\BOOKMARK [2][-]{subsection.3.4}{\376\377\000そ\000の\000他\000コ\000ン\000ビ\000ニ\000の\000売\000上}{section.3}% 9
\BOOKMARK [2][-]{subsection.3.5}{\376\377\000推\000定\000結\000果}{section.3}% 10
\BOOKMARK [1][-]{section.4}{\376\377\000企\000業\000\050\000業\000種\000な\000ど\000は\000任\000意\000\051\000の\000マ\000ー\000ケ\000テ\000ィ\000ン\000グ\000に\000と\000っ\000て\000有\000効\000な\000デ\000ー\000タ\000を\000選\000び\000、\000I\000o\000T\000デ\000バ\000イ\000ス\000を\000用\000い\000た\000デ\000ー\000タ\000の\000収\000集\000方\000法\000を\000検\000討\000し\000、\000説\000明\000す\000る\000。}{}% 11
\BOOKMARK [2][-]{subsection.4.1}{\376\377\000ス\000マ\000ー\000ト\000シ\000ェ\000ル\000フ}{section.4}% 12
\BOOKMARK [2][-]{subsection.4.2}{\376\377\000デ\000ー\000タ\000収\000集\000の\000仕\000組\000み}{section.4}% 13
\BOOKMARK [2][-]{subsection.4.3}{\376\377\000デ\000ー\000タ\000の\000活\000用\000方\000法}{section.4}% 14
\BOOKMARK [2][-]{subsection.4.4}{\376\377\000具\000体\000例\000と\000展\000開\000の\000可\000能\000性}{section.4}% 15
\BOOKMARK [1][-]{section.5}{\376\377\000ひ\000と\000つ\000の\000モ\000ノ\000\050\000商\000品\000・\000サ\000ー\000ビ\000ス\000\051\000を\000任\000意\000で\000選\000び\000、\000選\000定\000し\000た\000モ\000ノ\000と\000そ\000れ\000と\000競\000合\000す\000る\000モ\000ノ\000を\000ひ\000と\000つ\000以\000上\000選\000ん\000だ\000う\000え\000で\000、\000そ\000れ\000ぞ\000れ\000を\000分\000類\000す\000る\000マ\000ト\000リ\000ク\000ス\000を\000作\000成\000す\000る\000。\000マ\000ト\000リ\000ク\000ス\000の\000作\000成\000に\000お\000い\000て\000は\000、\000モ\000ノ\000の\000特\000徴\000を\000考\000慮\000し\000、\000縦\000軸\000の\000上\000下\000、\000横\000軸\000の\000左\000右\000、\000そ\000れ\000ぞ\000の\000分\000析\000軸\000を\000示\000す\000。\000選\000ん\000だ\000モ\000ノ\000、\000お\000よ\000び\000競\000合\000す\000る\000モ\000ノ\000を\000プ\000ロ\000ッ\000ト\000し\000た\000う\000え\000で\000、\000そ\000れ\000ぞ\000れ\000の\000特\000徴\000を\000タ\000ー\000ゲ\000ッ\000ト\000と\000と\000も\000に\000説\000明\000し\000て\000く\000だ\000さ\000い\000。}{}% 16
\BOOKMARK [2][-]{subsection.5.1}{\376\377\000分\000析\000軸}{section.5}% 17
\BOOKMARK [2][-]{subsection.5.2}{\376\377\000ポ\000ジ\000シ\000ョ\000ニ\000ン\000グ\000マ\000ッ\000プ}{section.5}% 18
\BOOKMARK [2][-]{subsection.5.3}{\376\377\000A\000p\000p\000l\000e\000\040\000i\000P\000h\000o\000n\000e\000シ\000リ\000ー\000ズ}{section.5}% 19
\BOOKMARK [2][-]{subsection.5.4}{\376\377\000S\000a\000m\000s\000u\000n\000g\000\040\000G\000a\000l\000a\000x\000y\000シ\000リ\000ー\000ズ}{section.5}% 20
\BOOKMARK [2][-]{subsection.5.5}{\376\377\000G\000o\000o\000g\000l\000e\000\040\000P\000i\000x\000e\000l\000シ\000リ\000ー\000ズ}{section.5}% 21
\BOOKMARK [2][-]{subsection.5.6}{\376\377\000X\000i\000a\000o\000m\000i\000\040\000R\000e\000d\000m\000i\000シ\000リ\000ー\000ズ}{section.5}% 22
\BOOKMARK [2][-]{subsection.5.7}{\376\377\000O\000n\000e\000P\000l\000u\000s\000シ\000リ\000ー\000ズ}{section.5}% 23
\BOOKMARK [2][-]{subsection.5.8}{\376\377\000S\000o\000n\000y\000\040\000X\000p\000e\000r\000i\000a\000シ\000リ\000ー\000ズ}{section.5}% 24
