\BOOKMARK [1][-]{section.1}{\376\377\000\040}{}% 1
\BOOKMARK [2][-]{subsection.1.1}{\376\377\000記\000述\000統\000計}{section.1}% 2
\BOOKMARK [2][-]{subsection.1.2}{\376\377\000確\000率}{section.1}% 3
\BOOKMARK [2][-]{subsection.1.3}{\376\377\000確\000率}{section.1}% 4
\BOOKMARK [2][-]{subsection.1.4}{\376\377\000確\000率\000と\000条\000件\000付\000き\000確\000率}{section.1}% 5
\BOOKMARK [2][-]{subsection.1.5}{\376\377\000条\000件\000付\000き\000確\000率}{section.1}% 6
\BOOKMARK [2][-]{subsection.1.6}{\376\377\000ベ\000イ\000ズ\000確\000率}{section.1}% 7
\BOOKMARK [1][-]{section.2}{\376\377\000確\000率\000分\000布\000と\000一\000様\000分\000布}{}% 8
\BOOKMARK [1][-]{section.3}{\376\377\000指\000数\000分\000布\000に\000従\000う\000確\000率\000変\000数\000の\000モ\000ー\000メ\000ン\000ト}{}% 9
\BOOKMARK [1][-]{section.4}{\376\377\000あ\000る\000確\000率\000変\000数\000X\000に\000つ\000い\000て\000E\000\050\000X\000\051\000\040\000=\000\040\0001\000,\000\040\000V\000\050\000X\000\051\000\040\000=\000\040\0001\0003\000で\000あ\000る\000こ\000と\000が\000わ\000か\000っ\000て\000い\000る\000。\000こ\000の\000と\000き\000、\0000\000\040\000X\000\040\0002\000と\000な\000る\000確\000率\000に\000見\000当\000を\000つ\000け\000よ\000。}{}% 10
\BOOKMARK [1][-]{section.5}{\376\377\000\040}{}% 11
\BOOKMARK [2][-]{subsection.5.1}{\376\377\000正\000規\000分\000布\000に\000従\000う\000確\000率\000変\000数\000の\000期\000待\000値\000と\000分\000散\000を\000証\000明\000せ\000よ\000。}{section.5}% 12
\BOOKMARK [2][-]{subsection.5.2}{\376\377\000対\000数\000密\000度\000関\000数\000の\000期\000待\000値\000と\000分\000散\000を\000証\000明\000せ\000よ\000。}{section.5}% 13
\BOOKMARK [2][-]{subsection.5.3}{\376\377\000確\000率\000変\000数\000X\000が\000標\000準\000正\000規\000分\000布\000N\000\050\0000\000,\000\040\0001\000\051\000に\000従\000う\000と\000き\000、\000X\000は\000ガ\000ン\000マ\000分\000布\000G\000a\000\050\0001\0002\000,\000\040\0001\0002\000\051\000に\000従\000う\000。\000こ\000れ\000を\000証\000明\000せ\000よ\000。}{section.5}% 14
\BOOKMARK [2][-]{subsection.5.4}{\376\377\000ベ\000ー\000タ\000分\000布\000B\000e\000\050\000,\000\040\000\051\000の\000期\000待\000値\000と\000分\000散\000を\000証\000明\000せ\000よ\000。\000\040\000な\000お\000式\000\050\0007\0004\000\051\000に\000示\000す\000ベ\000ー\000タ\000関\000数\000の\000積\000分\000公\000式\000を\000用\000い\000る\000。}{section.5}% 15
\BOOKMARK [1][-]{section.6}{\376\377\000\040}{}% 16
\BOOKMARK [2][-]{subsection.6.1}{\376\377\000式\0008\0005\000に\000示\000す\000よ\000う\000な\000同\000時\000確\000率\000分\000布\000を\000も\000つ\000X\000,\000Y\000の\000周\000辺\000確\000率\000分\000布\000\050\000グ\000ラ\000フ\000の\000概\000形\000も\000描\000け\000\051\000、\000期\000待\000値\000、\000分\000散\000お\000よ\000び\000X\000,\000Y\000の\000相\000関\000係\000数\000を\000求\000め\000よ\000。}{section.6}% 17
\BOOKMARK [2][-]{subsection.6.2}{\376\377\000た\000た\000み\000こ\000み\000の\000直\000接\000計\000算\000に\000よ\000っ\000て\000，\000上\000で\000挙\000げ\000た\000分\000布\000の\000再\000生\000性\000を\000証\000明\000せ\000よ\000．\000す\000な\000わ\000ち\000，\000X\000,\000\040\000Y\000\040\000が\000独\000立\000で\000，\000\050\0001\000\051\000，\000\050\0002\000\051\000，\000\050\0003\000\051\000を\000満\000た\000す\000こ\000と\000を\000証\000明\000せ\000よ\000．}{section.6}% 18
\BOOKMARK [1][-]{section.7}{\376\377\000中\000心\000極\000限\000定\000理\000を\000証\000明\000せ\000よ}{}% 19
\BOOKMARK [1][-]{section.8}{\376\377\0001\000袋\0005\0000\000g\000入\000り\000の\000菓\000子\000製\000造\000工\000程\000に\000お\000い\000て\000、\000製\000品\0001\0000\000個\000を\000無\000作\000為\000に\000抽\000出\000し\000、\000重\000さ\000を\000測\000定\000し\000た\000と\000こ\000ろ\000、\000次\000の\000よ\000う\000に\000な\000っ\000た\000。}{}% 20
